VirtualBox VM 4.2.4 r81684 win.amd64 (Oct 26 2012 18:55:21) release log
00:00:03.038751 Log opened 2014-07-15T05:53:43.225518700Z
00:00:03.038757 OS Product: Windows 7
00:00:03.038758 OS Release: 6.1.7601
00:00:03.038760 OS Service Pack: 1
00:00:03.038765 Host RAM: 16283MB total, 13919MB available
00:00:03.038767 Executable: C:\Users\Jimmy\Program\Portable-VirtualBox-4-2-4-OK\app64\VirtualBox.exe
00:00:03.038767 Process ID: 5236
00:00:03.038768 Package type: WINDOWS_64BITS_GENERIC
00:00:03.038869 Installed Extension Packs:
00:00:03.038888   None installed!
00:00:03.054451 SUP: Loaded VMMR0.r0 (C:\Users\Jimmy\Program\Portable-VirtualBox-4-2-4-OK\app64\VMMR0.r0) at 0xfffff8800d2a3000 - ModuleInit at fffff8800d2b9b00 and ModuleTerm at fffff8800d2b9e10 using the native ring-0 loader
00:00:03.054520 SUP: VMMR0EntryEx located at fffff8800d2bae50, VMMR0EntryFast at fffff8800d2ba000 and VMMR0EntryInt at fffff8800d2b9ff0
00:00:03.054526 SUP: windbg> .reload /f C:\Users\Jimmy\Program\Portable-VirtualBox-4-2-4-OK\app64\VMMR0.r0=0xfffff8800d2a3000
00:00:03.069946 File system of 'C:\Users\Jimmy\Program\Portable-VirtualBox-4-2-4-OK\data\.VirtualBox\Machines\XP\Snapshots' (snapshots) is unknown
00:00:03.069956 File system of 'C:\Users\Jimmy\Program\WinXPVB6.vdi' is ntfs
00:00:03.096937 Shared clipboard mode: Off
00:00:03.098792 Drag'n'drop mode: Off
00:00:03.102965 ************************* CFGM dump *************************
00:00:03.103247 [/] (level 0)
00:00:03.103251   CSAMEnabled     <integer> = 0x0000000000000001 (1)
00:00:03.103252   CpuExecutionCap <integer> = 0x0000000000000064 (100)
00:00:03.103254   EnablePAE       <integer> = 0x0000000000000000 (0)
00:00:03.103255   HwVirtExtForced <integer> = 0x0000000000000000 (0)
00:00:03.103256   MemBalloonSize  <integer> = 0x0000000000000000 (0)
00:00:03.103256   Name            <string>  = "XP" (cb=3)
00:00:03.103258   NumCPUs         <integer> = 0x0000000000000001 (1)
00:00:03.103258   PATMEnabled     <integer> = 0x0000000000000001 (1)
00:00:03.103259   PageFusion      <integer> = 0x0000000000000000 (0)
00:00:03.103260   RamHoleSize     <integer> = 0x0000000020000000 (536 870 912, 512 MB)
00:00:03.103262   RamSize         <integer> = 0x0000000080000000 (2 147 483 648, 2 048 MB)
00:00:03.103263   RawR0Enabled    <integer> = 0x0000000000000001 (1)
00:00:03.103264   RawR3Enabled    <integer> = 0x0000000000000001 (1)
00:00:03.103265   TimerMillies    <integer> = 0x000000000000000a (10)
00:00:03.103266   UUID            <bytes>   = "4f db 9a d7 3a b2 fc 44 84 26 20 74 11 f6 70 fa" (cb=16)
00:00:03.103269 
00:00:03.103269 [/CPUM/] (level 1)
00:00:03.103271   SyntheticCpu <integer> = 0x0000000000000000 (0)
00:00:03.103271 
00:00:03.103272 [/DBGF/] (level 1)
00:00:03.103272   Path <string>  = "C:\Users\Jimmy\Program\Portable-VirtualBox-4-2-4-OK\data\.VirtualBox\Machines\XP/debug/;C:\Users\Jimmy\Program\Portable-VirtualBox-4-2-4-OK\data\.VirtualBox\Machines\XP/;C:\Users\Jimmy/" (cb=186)
00:00:03.103274 
00:00:03.103274 [/Devices/] (level 1)
00:00:03.103275 
00:00:03.103275 [/Devices/8237A/] (level 2)
00:00:03.103276 
00:00:03.103276 [/Devices/8237A/0/] (level 3)
00:00:03.103277   Trusted <integer> = 0x0000000000000001 (1)
00:00:03.103278 
00:00:03.103278 [/Devices/AudioSniffer/] (level 2)
00:00:03.103279 
00:00:03.103279 [/Devices/AudioSniffer/0/] (level 3)
00:00:03.103280 
00:00:03.103281 [/Devices/AudioSniffer/0/Config/] (level 4)
00:00:03.103282 
00:00:03.103282 [/Devices/AudioSniffer/0/LUN#0/] (level 4)
00:00:03.103283   Driver <string>  = "MainAudioSniffer" (cb=17)
00:00:03.103284 
00:00:03.103284 [/Devices/AudioSniffer/0/LUN#0/Config/] (level 5)
00:00:03.103285   Object <integer> = 0x000000000344d5a0 (54 842 784)
00:00:03.103286 
00:00:03.103287 [/Devices/VMMDev/] (level 2)
00:00:03.103288 
00:00:03.103288 [/Devices/VMMDev/0/] (level 3)
00:00:03.103289   PCIBusNo      <integer> = 0x0000000000000000 (0)
00:00:03.103290   PCIDeviceNo   <integer> = 0x0000000000000004 (4)
00:00:03.103291   PCIFunctionNo <integer> = 0x0000000000000000 (0)
00:00:03.103291   Trusted       <integer> = 0x0000000000000001 (1)
00:00:03.103292 
00:00:03.103292 [/Devices/VMMDev/0/Config/] (level 4)
00:00:03.103294   GuestCoreDumpDir <string>  = "C:\Users\Jimmy\Program\Portable-VirtualBox-4-2-4-OK\data\.VirtualBox\Machines\XP\Snapshots" (cb=91)
00:00:03.103294   RamSize          <integer> = 0x0000000080000000 (2 147 483 648, 2 048 MB)
00:00:03.103296 
00:00:03.103296 [/Devices/VMMDev/0/LUN#0/] (level 4)
00:00:03.103297   Driver <string>  = "HGCM" (cb=5)
00:00:03.103298 
00:00:03.103298 [/Devices/VMMDev/0/LUN#0/Config/] (level 5)
00:00:03.103299   Object <integer> = 0x0000000002122880 (34 744 448)
00:00:03.103301 
00:00:03.103301 [/Devices/VMMDev/0/LUN#999/] (level 4)
00:00:03.103302   Driver <string>  = "MainStatus" (cb=11)
00:00:03.103303 
00:00:03.103303 [/Devices/VMMDev/0/LUN#999/Config/] (level 5)
00:00:03.103304   First   <integer> = 0x0000000000000000 (0)
00:00:03.103305   Last    <integer> = 0x0000000000000000 (0)
00:00:03.103306   papLeds <integer> = 0x000000000344f550 (54 850 896)
00:00:03.103307 
00:00:03.103307 [/Devices/acpi/] (level 2)
00:00:03.103308 
00:00:03.103308 [/Devices/acpi/0/] (level 3)
00:00:03.103309   PCIBusNo      <integer> = 0x0000000000000000 (0)
00:00:03.103310   PCIDeviceNo   <integer> = 0x0000000000000007 (7)
00:00:03.103311   PCIFunctionNo <integer> = 0x0000000000000000 (0)
00:00:03.103311   Trusted       <integer> = 0x0000000000000001 (1)
00:00:03.103312 
00:00:03.103312 [/Devices/acpi/0/Config/] (level 4)
00:00:03.103314   CpuHotPlug        <integer> = 0x0000000000000000 (0)
00:00:03.103314   FdcEnabled        <integer> = 0x0000000000000000 (0)
00:00:03.103315   HostBusPciAddress <integer> = 0x0000000000000000 (0)
00:00:03.103316   HpetEnabled       <integer> = 0x0000000000000000 (0)
00:00:03.103316   IOAPIC            <integer> = 0x0000000000000000 (0)
00:00:03.103317   IocPciAddress     <integer> = 0x0000000000010000 (65 536)
00:00:03.103318   NumCPUs           <integer> = 0x0000000000000001 (1)
00:00:03.103319   RamHoleSize       <integer> = 0x0000000020000000 (536 870 912, 512 MB)
00:00:03.103321   RamSize           <integer> = 0x0000000080000000 (2 147 483 648, 2 048 MB)
00:00:03.103322   Serial0IoPortBase <integer> = 0x0000000000000000 (0)
00:00:03.103323   Serial0Irq        <integer> = 0x0000000000000000 (0)
00:00:03.103324   Serial1IoPortBase <integer> = 0x0000000000000000 (0)
00:00:03.103324   Serial1Irq        <integer> = 0x0000000000000000 (0)
00:00:03.103325   ShowCpu           <integer> = 0x0000000000000000 (0)
00:00:03.103326   ShowRtc           <integer> = 0x0000000000000000 (0)
00:00:03.103326   SmcEnabled        <integer> = 0x0000000000000000 (0)
00:00:03.103327 
00:00:03.103327 [/Devices/acpi/0/LUN#0/] (level 4)
00:00:03.103328   Driver <string>  = "ACPIHost" (cb=9)
00:00:03.103329 
00:00:03.103329 [/Devices/acpi/0/LUN#0/Config/] (level 5)
00:00:03.103330 
00:00:03.103330 [/Devices/apic/] (level 2)
00:00:03.103331 
00:00:03.103331 [/Devices/apic/0/] (level 3)
00:00:03.103332   Trusted <integer> = 0x0000000000000001 (1)
00:00:03.103333 
00:00:03.103333 [/Devices/apic/0/Config/] (level 4)
00:00:03.103335   IOAPIC  <integer> = 0x0000000000000000 (0)
00:00:03.103335   NumCPUs <integer> = 0x0000000000000001 (1)
00:00:03.103336 
00:00:03.103336 [/Devices/e1000/] (level 2)
00:00:03.103337 
00:00:03.103337 [/Devices/i8254/] (level 2)
00:00:03.103338 
00:00:03.103339 [/Devices/i8254/0/] (level 3)
00:00:03.103339 
00:00:03.103340 [/Devices/i8254/0/Config/] (level 4)
00:00:03.103341 
00:00:03.103341 [/Devices/i8259/] (level 2)
00:00:03.103342 
00:00:03.103342 [/Devices/i8259/0/] (level 3)
00:00:03.103343   Trusted <integer> = 0x0000000000000001 (1)
00:00:03.103343 
00:00:03.103343 [/Devices/i8259/0/Config/] (level 4)
00:00:03.103344 
00:00:03.103345 [/Devices/ichac97/] (level 2)
00:00:03.103345 
00:00:03.103346 [/Devices/ichac97/0/] (level 3)
00:00:03.103347   PCIBusNo      <integer> = 0x0000000000000000 (0)
00:00:03.103347   PCIDeviceNo   <integer> = 0x0000000000000005 (5)
00:00:03.103348   PCIFunctionNo <integer> = 0x0000000000000000 (0)
00:00:03.103349   Trusted       <integer> = 0x0000000000000001 (1)
00:00:03.103349 
00:00:03.103350 [/Devices/ichac97/0/Config/] (level 4)
00:00:03.103351 
00:00:03.103351 [/Devices/ichac97/0/LUN#0/] (level 4)
00:00:03.103352   Driver <string>  = "AUDIO" (cb=6)
00:00:03.103352 
00:00:03.103353 [/Devices/ichac97/0/LUN#0/Config/] (level 5)
00:00:03.103354   AudioDriver <string>  = "dsound" (cb=7)
00:00:03.103354   StreamName  <string>  = "XP" (cb=3)
00:00:03.103355 
00:00:03.103355 [/Devices/mc146818/] (level 2)
00:00:03.103356 
00:00:03.103356 [/Devices/mc146818/0/] (level 3)
00:00:03.103357 
00:00:03.103357 [/Devices/mc146818/0/Config/] (level 4)
00:00:03.103358   UseUTC <integer> = 0x0000000000000000 (0)
00:00:03.103359 
00:00:03.103359 [/Devices/parallel/] (level 2)
00:00:03.103360 
00:00:03.103360 [/Devices/pcarch/] (level 2)
00:00:03.103361 
00:00:03.103361 [/Devices/pcarch/0/] (level 3)
00:00:03.103362   Trusted <integer> = 0x0000000000000001 (1)
00:00:03.103363 
00:00:03.103363 [/Devices/pcarch/0/Config/] (level 4)
00:00:03.103364 
00:00:03.103364 [/Devices/pcbios/] (level 2)
00:00:03.103365 
00:00:03.103365 [/Devices/pcbios/0/] (level 3)
00:00:03.103366   Trusted <integer> = 0x0000000000000001 (1)
00:00:03.103367 
00:00:03.103367 [/Devices/pcbios/0/Config/] (level 4)
00:00:03.103369   BootDevice0    <string>  = "FLOPPY" (cb=7)
00:00:03.103369   BootDevice1    <string>  = "DVD" (cb=4)
00:00:03.103370   BootDevice2    <string>  = "IDE" (cb=4)
00:00:03.103371   BootDevice3    <string>  = "NONE" (cb=5)
00:00:03.103372   FloppyDevice   <string>  = "i82078" (cb=7)
00:00:03.103372   HardDiskDevice <string>  = "piix3ide" (cb=9)
00:00:03.103373   IOAPIC         <integer> = 0x0000000000000000 (0)
00:00:03.103374   McfgBase       <integer> = 0x0000000000000000 (0)
00:00:03.103374   McfgLength     <integer> = 0x0000000000000000 (0)
00:00:03.103375   NumCPUs        <integer> = 0x0000000000000001 (1)
00:00:03.103376   PXEDebug       <integer> = 0x0000000000000000 (0)
00:00:03.103377   RamHoleSize    <integer> = 0x0000000020000000 (536 870 912, 512 MB)
00:00:03.103378   RamSize        <integer> = 0x0000000080000000 (2 147 483 648, 2 048 MB)
00:00:03.103379   UUID           <bytes>   = "4f db 9a d7 3a b2 fc 44 84 26 20 74 11 f6 70 fa" (cb=16)
00:00:03.103382 
00:00:03.103382 [/Devices/pcbios/0/Config/NetBoot/] (level 5)
00:00:03.103383 
00:00:03.103383 [/Devices/pcbios/0/Config/NetBoot/0/] (level 6)
00:00:03.103385   NIC           <integer> = 0x0000000000000000 (0)
00:00:03.103386   PCIBusNo      <integer> = 0x0000000000000000 (0)
00:00:03.103386   PCIDeviceNo   <integer> = 0x0000000000000003 (3)
00:00:03.103387   PCIFunctionNo <integer> = 0x0000000000000000 (0)
00:00:03.103388 
00:00:03.103388 [/Devices/pci/] (level 2)
00:00:03.103389 
00:00:03.103389 [/Devices/pci/0/] (level 3)
00:00:03.103390   Trusted <integer> = 0x0000000000000001 (1)
00:00:03.103391 
00:00:03.103391 [/Devices/pci/0/Config/] (level 4)
00:00:03.103392   IOAPIC <integer> = 0x0000000000000000 (0)
00:00:03.103392 
00:00:03.103393 [/Devices/pckbd/] (level 2)
00:00:03.103393 
00:00:03.103394 [/Devices/pckbd/0/] (level 3)
00:00:03.103394   Trusted <integer> = 0x0000000000000001 (1)
00:00:03.103395 
00:00:03.103395 [/Devices/pckbd/0/Config/] (level 4)
00:00:03.103396 
00:00:03.103396 [/Devices/pckbd/0/LUN#0/] (level 4)
00:00:03.103397   Driver <string>  = "KeyboardQueue" (cb=14)
00:00:03.103398 
00:00:03.103398 [/Devices/pckbd/0/LUN#0/AttachedDriver/] (level 5)
00:00:03.103400   Driver <string>  = "MainKeyboard" (cb=13)
00:00:03.103400 
00:00:03.103401 [/Devices/pckbd/0/LUN#0/AttachedDriver/Config/] (level 6)
00:00:03.103402   Object <integer> = 0x00000000020aae80 (34 254 464)
00:00:03.103403 
00:00:03.103403 [/Devices/pckbd/0/LUN#0/Config/] (level 5)
00:00:03.103404   QueueSize <integer> = 0x0000000000000040 (64)
00:00:03.103405 
00:00:03.103405 [/Devices/pckbd/0/LUN#1/] (level 4)
00:00:03.103406   Driver <string>  = "MouseQueue" (cb=11)
00:00:03.103407 
00:00:03.103407 [/Devices/pckbd/0/LUN#1/AttachedDriver/] (level 5)
00:00:03.103408   Driver <string>  = "MainMouse" (cb=10)
00:00:03.103409 
00:00:03.103409 [/Devices/pckbd/0/LUN#1/AttachedDriver/Config/] (level 6)
00:00:03.103410   Object <integer> = 0x000000000344fe90 (54 853 264)
00:00:03.103411 
00:00:03.103411 [/Devices/pckbd/0/LUN#1/Config/] (level 5)
00:00:03.103412   QueueSize <integer> = 0x0000000000000080 (128)
00:00:03.103413 
00:00:03.103414 [/Devices/pcnet/] (level 2)
00:00:03.103414 
00:00:03.103415 [/Devices/pcnet/0/] (level 3)
00:00:03.103415   PCIBusNo      <integer> = 0x0000000000000000 (0)
00:00:03.103416   PCIDeviceNo   <integer> = 0x0000000000000003 (3)
00:00:03.103417   PCIFunctionNo <integer> = 0x0000000000000000 (0)
00:00:03.103418   Trusted       <integer> = 0x0000000000000001 (1)
00:00:03.103418 
00:00:03.103419 [/Devices/pcnet/0/Config/] (level 4)
00:00:03.103420   Am79C973       <integer> = 0x0000000000000001 (1)
00:00:03.103420   CableConnected <integer> = 0x0000000000000001 (1)
00:00:03.103421   LineSpeed      <integer> = 0x0000000000000000 (0)
00:00:03.103422   MAC            <bytes>   = "08 00 27 d9 9f e1" (cb=6)
00:00:03.103423 
00:00:03.103423 [/Devices/pcnet/0/LUN#0/] (level 4)
00:00:03.103424   Driver <string>  = "NAT" (cb=4)
00:00:03.103425 
00:00:03.103425 [/Devices/pcnet/0/LUN#0/Config/] (level 5)
00:00:03.103427   AliasMode       <integer> = 0x0000000000000000 (0)
00:00:03.103427   BootFile        <string>  = "XP.pxe" (cb=7)
00:00:03.103428   DNSProxy        <integer> = 0x0000000000000000 (0)
00:00:03.103429   Network         <string>  = "10.0.2.0/24" (cb=12)
00:00:03.103430   PassDomain      <integer> = 0x0000000000000001 (1)
00:00:03.103430   TFTPPrefix      <string>  = "C:\Users\Jimmy\Program\Portable-VirtualBox-4-2-4-OK\data\.VirtualBox\TFTP" (cb=74)
00:00:03.103431   UseHostResolver <integer> = 0x0000000000000000 (0)
00:00:03.103432 
00:00:03.103432 [/Devices/pcnet/0/LUN#999/] (level 4)
00:00:03.103433   Driver <string>  = "MainStatus" (cb=11)
00:00:03.103434 
00:00:03.103434 [/Devices/pcnet/0/LUN#999/Config/] (level 5)
00:00:03.103435   First   <integer> = 0x0000000000000000 (0)
00:00:03.103436   Last    <integer> = 0x0000000000000000 (0)
00:00:03.103436   papLeds <integer> = 0x000000000344f430 (54 850 608)
00:00:03.103437 
00:00:03.103438 [/Devices/piix3ide/] (level 2)
00:00:03.103438 
00:00:03.103439 [/Devices/piix3ide/0/] (level 3)
00:00:03.103440   PCIBusNo      <integer> = 0x0000000000000000 (0)
00:00:03.103440   PCIDeviceNo   <integer> = 0x0000000000000001 (1)
00:00:03.103441   PCIFunctionNo <integer> = 0x0000000000000001 (1)
00:00:03.103442   Trusted       <integer> = 0x0000000000000001 (1)
00:00:03.103442 
00:00:03.103443 [/Devices/piix3ide/0/Config/] (level 4)
00:00:03.103444   Type <string>  = "PIIX4" (cb=6)
00:00:03.103444 
00:00:03.103444 [/Devices/piix3ide/0/Config/PrimaryMaster/] (level 5)
00:00:03.103446   NonRotationalMedium <integer> = 0x0000000000000000 (0)
00:00:03.103446 
00:00:03.103447 [/Devices/piix3ide/0/Config/SecondaryMaster/] (level 5)
00:00:03.103448   NonRotationalMedium <integer> = 0x0000000000000000 (0)
00:00:03.103448 
00:00:03.103449 [/Devices/piix3ide/0/LUN#0/] (level 4)
00:00:03.103450   Driver <string>  = "Block" (cb=6)
00:00:03.103450 
00:00:03.103451 [/Devices/piix3ide/0/LUN#0/AttachedDriver/] (level 5)
00:00:03.103452   Driver <string>  = "VD" (cb=3)
00:00:03.103452 
00:00:03.103452 [/Devices/piix3ide/0/LUN#0/AttachedDriver/Config/] (level 6)
00:00:03.103454   Format <string>  = "VDI" (cb=4)
00:00:03.103454   Path   <string>  = "C:\Users\Jimmy\Program\WinXPVB6.vdi" (cb=36)
00:00:03.103455   Type   <string>  = "HardDisk" (cb=9)
00:00:03.103456 
00:00:03.103456 [/Devices/piix3ide/0/LUN#0/Config/] (level 5)
00:00:03.103457   Mountable <integer> = 0x0000000000000000 (0)
00:00:03.103457   Type      <string>  = "HardDisk" (cb=9)
00:00:03.103458 
00:00:03.103458 [/Devices/piix3ide/0/LUN#2/] (level 4)
00:00:03.103459   Driver <string>  = "Block" (cb=6)
00:00:03.103460 
00:00:03.103460 [/Devices/piix3ide/0/LUN#2/Config/] (level 5)
00:00:03.103461   Mountable <integer> = 0x0000000000000001 (1)
00:00:03.103462   Type      <string>  = "DVD" (cb=4)
00:00:03.103462 
00:00:03.103463 [/Devices/piix3ide/0/LUN#999/] (level 4)
00:00:03.103464   Driver <string>  = "MainStatus" (cb=11)
00:00:03.103464 
00:00:03.103464 [/Devices/piix3ide/0/LUN#999/Config/] (level 5)
00:00:03.103465   DeviceInstance        <string>  = "piix3ide/0" (cb=11)
00:00:03.103466   First                 <integer> = 0x0000000000000000 (0)
00:00:03.103467   Last                  <integer> = 0x0000000000000003 (3)
00:00:03.103468   pConsole              <integer> = 0x000000000344ef50 (54 849 360)
00:00:03.103469   papLeds               <integer> = 0x000000000344f260 (54 850 144)
00:00:03.103470   pmapMediumAttachments <integer> = 0x000000000344f568 (54 850 920)
00:00:03.103471 
00:00:03.103471 [/Devices/serial/] (level 2)
00:00:03.103472 
00:00:03.103472 [/Devices/usb-ohci/] (level 2)
00:00:03.103473 
00:00:03.103473 [/Devices/usb-ohci/0/] (level 3)
00:00:03.103474   PCIBusNo      <integer> = 0x0000000000000000 (0)
00:00:03.103475   PCIDeviceNo   <integer> = 0x0000000000000006 (6)
00:00:03.103476   PCIFunctionNo <integer> = 0x0000000000000000 (0)
00:00:03.103476   Trusted       <integer> = 0x0000000000000001 (1)
00:00:03.103477 
00:00:03.103477 [/Devices/usb-ohci/0/Config/] (level 4)
00:00:03.103478 
00:00:03.103479 [/Devices/usb-ohci/0/LUN#0/] (level 4)
00:00:03.103480   Driver <string>  = "VUSBRootHub" (cb=12)
00:00:03.103480 
00:00:03.103480 [/Devices/usb-ohci/0/LUN#0/Config/] (level 5)
00:00:03.103481 
00:00:03.103482 [/Devices/usb-ohci/0/LUN#999/] (level 4)
00:00:03.103483   Driver <string>  = "MainStatus" (cb=11)
00:00:03.103483 
00:00:03.103483 [/Devices/usb-ohci/0/LUN#999/Config/] (level 5)
00:00:03.103485   First   <integer> = 0x0000000000000000 (0)
00:00:03.103485   Last    <integer> = 0x0000000000000000 (0)
00:00:03.103486   papLeds <integer> = 0x000000000344f558 (54 850 904)
00:00:03.103487 
00:00:03.103487 [/Devices/vga/] (level 2)
00:00:03.103488 
00:00:03.103488 [/Devices/vga/0/] (level 3)
00:00:03.103489   PCIBusNo      <integer> = 0x0000000000000000 (0)
00:00:03.103490   PCIDeviceNo   <integer> = 0x0000000000000002 (2)
00:00:03.103490   PCIFunctionNo <integer> = 0x0000000000000000 (0)
00:00:03.103491   Trusted       <integer> = 0x0000000000000001 (1)
00:00:03.103492 
00:00:03.103492 [/Devices/vga/0/Config/] (level 4)
00:00:03.103493   CustomVideoModes <integer> = 0x0000000000000000 (0)
00:00:03.103494   FadeIn           <integer> = 0x0000000000000001 (1)
00:00:03.103495   FadeOut          <integer> = 0x0000000000000001 (1)
00:00:03.103495   HeightReduction  <integer> = 0x0000000000000000 (0)
00:00:03.103496   LogoFile         <string>  = "" (cb=1)
00:00:03.103497   LogoTime         <integer> = 0x0000000000000000 (0)
00:00:03.103497   MonitorCount     <integer> = 0x0000000000000001 (1)
00:00:03.103498   ShowBootMenu     <integer> = 0x0000000000000002 (2)
00:00:03.103499   VRamSize         <integer> = 0x0000000001000000 (16 777 216, 16 MB)
00:00:03.103500 
00:00:03.103500 [/Devices/vga/0/LUN#0/] (level 4)
00:00:03.103501   Driver <string>  = "MainDisplay" (cb=12)
00:00:03.103502 
00:00:03.103502 [/Devices/vga/0/LUN#0/Config/] (level 5)
00:00:03.103503   Object <integer> = 0x0000000003450780 (54 855 552)
00:00:03.103504 
00:00:03.103504 [/Devices/virtio-net/] (level 2)
00:00:03.103505 
00:00:03.103505 [/HWVirtExt/] (level 1)
00:00:03.103506   EnableLargePages   <integer> = 0x0000000000000001 (1)
00:00:03.103507   EnableNestedPaging <integer> = 0x0000000000000001 (1)
00:00:03.103508   EnableVPID         <integer> = 0x0000000000000001 (1)
00:00:03.103509   Enabled            <integer> = 0x0000000000000001 (1)
00:00:03.103509   Exclusive          <integer> = 0x0000000000000000 (0)
00:00:03.103510 
00:00:03.103510 [/MM/] (level 1)
00:00:03.103511   CanUseLargerHeap <integer> = 0x0000000000000000 (0)
00:00:03.103512 
00:00:03.103512 [/PDM/] (level 1)
00:00:03.103513 
00:00:03.103513 [/PDM/AsyncCompletion/] (level 2)
00:00:03.103514 
00:00:03.103514 [/PDM/AsyncCompletion/File/] (level 3)
00:00:03.103515 
00:00:03.103515 [/PDM/AsyncCompletion/File/BwGroups/] (level 4)
00:00:03.103516 
00:00:03.103516 [/PDM/BlkCache/] (level 2)
00:00:03.103517   CacheSize <integer> = 0x0000000000500000 (5 242 880, 5 MB)
00:00:03.103518 
00:00:03.103519 [/PDM/Devices/] (level 2)
00:00:03.103519 
00:00:03.103520 [/PDM/Drivers/] (level 2)
00:00:03.103520 
00:00:03.103521 [/PDM/Drivers/VBoxC/] (level 3)
00:00:03.103522   Path <string>  = "VBoxC" (cb=6)
00:00:03.103522 
00:00:03.103522 [/PDM/NetworkShaper/] (level 2)
00:00:03.103523 
00:00:03.103523 [/PDM/NetworkShaper/BwGroups/] (level 3)
00:00:03.103524 
00:00:03.103524 [/TM/] (level 1)
00:00:03.103525   UTCOffset <integer> = 0x0000000000000000 (0)
00:00:03.103526 
00:00:03.103526 [/USB/] (level 1)
00:00:03.103527 
00:00:03.103527 [/USB/HidMouse/] (level 2)
00:00:03.103528 
00:00:03.103528 [/USB/HidMouse/0/] (level 3)
00:00:03.103529 
00:00:03.103529 [/USB/HidMouse/0/Config/] (level 4)
00:00:03.103530   Absolute <integer> = 0x0000000000000001 (1)
00:00:03.103531 
00:00:03.103531 [/USB/HidMouse/0/LUN#0/] (level 4)
00:00:03.103532   Driver <string>  = "MouseQueue" (cb=11)
00:00:03.103532 
00:00:03.103533 [/USB/HidMouse/0/LUN#0/AttachedDriver/] (level 5)
00:00:03.103534   Driver <string>  = "MainMouse" (cb=10)
00:00:03.103534 
00:00:03.103534 [/USB/HidMouse/0/LUN#0/AttachedDriver/Config/] (level 6)
00:00:03.103536   Object <integer> = 0x000000000344fe90 (54 853 264)
00:00:03.103536 
00:00:03.103537 [/USB/HidMouse/0/LUN#0/Config/] (level 5)
00:00:03.103538   QueueSize <integer> = 0x0000000000000080 (128)
00:00:03.103539 
00:00:03.103539 [/USB/USBProxy/] (level 2)
00:00:03.103540 
00:00:03.103540 [/USB/USBProxy/GlobalConfig/] (level 3)
00:00:03.103541 
00:00:03.103541 ********************* End of CFGM dump **********************
00:00:03.103584 MM: cbHyperHeap=0x140000 (1310720)
00:00:03.106380 Logical host processors: 4 present, 4 max, 4 online, online mask: 000000000000000f
00:00:03.106382 ************************* CPUID dump ************************
00:00:03.106628          RAW Standard CPUIDs
00:00:03.106628      Function  eax      ebx      ecx      edx
00:00:03.106629 Gst: 00000000  00000005 756e6547 6c65746e 49656e69
00:00:03.106630 Hst:           0000000d 756e6547 6c65746e 49656e69
00:00:03.106631 Gst: 00000001  000306a9 00000800 00000209 078bf1bf
00:00:03.106632 Hst:           000306a9 04100800 7fbae3bf bfebfbff
00:00:03.106633 Gst: 00000002  76035a01 00f0b0ff 00000000 00ca0000
00:00:03.106634 Hst:           76035a01 00f0b0ff 00000000 00ca0000
00:00:03.106635 Gst: 00000003  00000000 00000000 00000000 00000000
00:00:03.106636 Hst:           00000000 00000000 00000000 00000000
00:00:03.106637 Gst: 00000004  00000000 00000000 00000000 00000000
00:00:03.106637 Hst:           1c004121 01c0003f 0000003f 00000000
00:00:03.106638 Gst: 00000005  00000040 00000040 00000000 00000000
00:00:03.106639 Hst:           00000040 00000040 00000003 00001120
00:00:03.106640 Name:                            GenuineIntel
00:00:03.106641 Supports:                        0-5
00:00:03.106641 Family:                          6  	Extended: 0 	Effective: 6
00:00:03.106642 Model:                           10  	Extended: 3 	Effective: 58
00:00:03.106643 Stepping:                        9
00:00:03.106643 Type:                            0 (primary)
00:00:03.106643 APIC ID:                         0x00
00:00:03.106644 Logical CPUs:                    0
00:00:03.106644 CLFLUSH Size:                    8
00:00:03.106645 Brand ID:                        0x00
00:00:03.106646 Mnemonic - Description                 = guest (host)
00:00:03.106646 FPU - x87 FPU on Chip                  = 1 (1)
00:00:03.106647 VME - Virtual 8086 Mode Enhancements   = 1 (1)
00:00:03.106647 DE - Debugging extensions              = 1 (1)
00:00:03.106648 PSE - Page Size Extension              = 1 (1)
00:00:03.106648 TSC - Time Stamp Counter               = 1 (1)
00:00:03.106649 MSR - Model Specific Registers         = 1 (1)
00:00:03.106649 PAE - Physical Address Extension       = 0 (1)
00:00:03.106650 MCE - Machine Check Exception          = 1 (1)
00:00:03.106650 CX8 - CMPXCHG8B instruction            = 1 (1)
00:00:03.106651 APIC - APIC On-Chip                    = 0 (1)
00:00:03.106651 10 - Reserved                          = 0 (0)
00:00:03.106652 SEP - SYSENTER and SYSEXIT             = 0 (1)
00:00:03.106652 MTRR - Memory Type Range Registers     = 1 (1)
00:00:03.106652 PGE - PTE Global Bit                   = 1 (1)
00:00:03.106653 MCA - Machine Check Architecture       = 1 (1)
00:00:03.106653 CMOV - Conditional Move Instructions   = 1 (1)
00:00:03.106654 PAT - Page Attribute Table             = 1 (1)
00:00:03.106654 PSE-36 - 36-bit Page Size Extention    = 1 (1)
00:00:03.106655 PSN - Processor Serial Number          = 0 (0)
00:00:03.106655 CLFSH - CLFLUSH Instruction.           = 1 (1)
00:00:03.106656 20 - Reserved                          = 0 (0)
00:00:03.106656 DS - Debug Store                       = 0 (1)
00:00:03.106657 ACPI - Thermal Mon. & Soft. Clock Ctrl.= 0 (1)
00:00:03.106657 MMX - Intel MMX Technology             = 1 (1)
00:00:03.106657 FXSR - FXSAVE and FXRSTOR Instructions = 1 (1)
00:00:03.106658 SSE - SSE Support                      = 1 (1)
00:00:03.106658 SSE2 - SSE2 Support                    = 1 (1)
00:00:03.106659 SS - Self Snoop                        = 0 (1)
00:00:03.106659 HTT - Hyper-Threading Technology       = 0 (1)
00:00:03.106660 TM - Thermal Monitor                   = 0 (1)
00:00:03.106660 30 - Reserved                          = 0 (0)
00:00:03.106661 PBE - Pending Break Enable             = 0 (1)
00:00:03.106661 Supports SSE3                          = 1 (1)
00:00:03.106661 PCLMULQDQ                              = 0 (1)
00:00:03.106662 DS Area 64-bit layout                  = 0 (1)
00:00:03.106662 Supports MONITOR/MWAIT                 = 1 (1)
00:00:03.106663 CPL-DS - CPL Qualified Debug Store     = 0 (1)
00:00:03.106663 VMX - Virtual Machine Technology       = 0 (1)
00:00:03.106664 SMX - Safer Mode Extensions            = 0 (0)
00:00:03.106664 Enhanced SpeedStep Technology          = 0 (1)
00:00:03.106665 Terminal Monitor 2                     = 0 (1)
00:00:03.106665 Supplemental SSE3 instructions         = 1 (1)
00:00:03.106665 L1 Context ID                          = 0 (0)
00:00:03.106666 11 - Reserved                          = 0 (0)
00:00:03.106666 FMA extensions using YMM state         = 0 (0)
00:00:03.106667 CMPXCHG16B instruction                 = 0 (1)
00:00:03.106668 xTPR Update Control                    = 0 (1)
00:00:03.106668 Perf/Debug Capability MSR              = 0 (1)
00:00:03.106669 16 - Reserved                          = 0 (0)
00:00:03.106669 PCID - Process-context identifiers     = 0 (1)
00:00:03.106670 DCA - Direct Cache Access              = 0 (0)
00:00:03.106670 SSE4.1 instruction extensions          = 0 (1)
00:00:03.106671 SSE4.2 instruction extensions          = 0 (1)
00:00:03.106671 Supports the x2APIC extensions         = 0 (1)
00:00:03.106672 MOVBE instruction                      = 0 (0)
00:00:03.106672 POPCNT instruction                     = 0 (1)
00:00:03.106672 TSC-Deadline LAPIC timer mode          = 0 (1)
00:00:03.106673 AESNI instruction extensions           = 0 (1)
00:00:03.106673 XSAVE/XRSTOR extended state feature    = 0 (1)
00:00:03.106674 Supports OSXSAVE                       = 0 (1)
00:00:03.106674 AVX instruction extensions             = 0 (1)
00:00:03.106675 29/30 - Reserved                       = 0x0 (0x3)
00:00:03.106675 Hypervisor Present (we're a guest)     = 0 (0)
00:00:03.106676 
00:00:03.106676          RAW Extended CPUIDs
00:00:03.106676      Function  eax      ebx      ecx      edx
00:00:03.106677 Gst: 80000000  80000008 00000000 00000000 00000000
00:00:03.106678 Hst:           80000008 00000000 00000000 00000000
00:00:03.106679 Gst: 80000001  00000000 00000000 00000000 08000000
00:00:03.106679 Hst:           00000000 00000000 00000001 28100800
00:00:03.106680 Gst: 80000002  20202020 20202020 65746e49 2952286c
00:00:03.106681 Hst:           20202020 20202020 65746e49 2952286c
00:00:03.106683 Gst: 80000003  726f4320 4d542865 35692029 3433332d
00:00:03.106684 Hst:           726f4320 4d542865 35692029 3433332d
00:00:03.106685 Gst: 80000004  50432030 20402055 30312e33 007a4847
00:00:03.106686 Hst:           50432030 20402055 30312e33 007a4847
00:00:03.106686 Gst: 80000005  00000000 00000000 00000000 00000000
00:00:03.106687 Hst:           00000000 00000000 00000000 00000000
00:00:03.106688 Gst: 80000006  00000000 00000000 01006040 00000000
00:00:03.106689 Hst:           00000000 00000000 01006040 00000000
00:00:03.106689 Gst: 80000007  00000000 00000000 00000000 00000000
00:00:03.106690 Hst:           00000000 00000000 00000000 00000100
00:00:03.106691 Gst: 80000008  00003024 00000000 00000000 00000000
00:00:03.106692 Hst:           00003024 00000000 00000000 00000000
00:00:03.106692 Gst: 80000009  00000007 00000340 00000340 00000000*
00:00:03.106693 Hst:           00000007 00000340 00000340 00000000
00:00:03.106694 Ext Name:                        
00:00:03.106694 Ext Supports:                    0x80000000-0x80000008
00:00:03.106695 Family:                          0  	Extended: 0 	Effective: 0
00:00:03.106696 Model:                           0  	Extended: 0 	Effective: 0
00:00:03.106696 Stepping:                        0
00:00:03.106697 Brand ID:                        0x000
00:00:03.106698 Mnemonic - Description                 = guest (host)
00:00:03.106698 FPU - x87 FPU on Chip                  = 0 (0)
00:00:03.106699 VME - Virtual 8086 Mode Enhancements   = 0 (0)
00:00:03.106699 DE - Debugging extensions              = 0 (0)
00:00:03.106700 PSE - Page Size Extension              = 0 (0)
00:00:03.106700 TSC - Time Stamp Counter               = 0 (0)
00:00:03.106701 MSR - K86 Model Specific Registers     = 0 (0)
00:00:03.106701 PAE - Physical Address Extension       = 0 (0)
00:00:03.106702 MCE - Machine Check Exception          = 0 (0)
00:00:03.106702 CX8 - CMPXCHG8B instruction            = 0 (0)
00:00:03.106702 APIC - APIC On-Chip                    = 0 (0)
00:00:03.106703 10 - Reserved                          = 0 (0)
00:00:03.106703 SEP - SYSCALL and SYSRET               = 0 (1)
00:00:03.106704 MTRR - Memory Type Range Registers     = 0 (0)
00:00:03.106704 PGE - PTE Global Bit                   = 0 (0)
00:00:03.106705 MCA - Machine Check Architecture       = 0 (0)
00:00:03.106705 CMOV - Conditional Move Instructions   = 0 (0)
00:00:03.106706 PAT - Page Attribute Table             = 0 (0)
00:00:03.106706 PSE-36 - 36-bit Page Size Extention    = 0 (0)
00:00:03.106706 18 - Reserved                          = 0 (0)
00:00:03.106707 19 - Reserved                          = 0 (0)
00:00:03.106707 NX - No-Execute Page Protection        = 0 (1)
00:00:03.106708 DS - Debug Store                       = 0 (0)
00:00:03.106708 AXMMX - AMD Extensions to MMX Instr.   = 0 (0)
00:00:03.106709 MMX - Intel MMX Technology             = 0 (0)
00:00:03.106709 FXSR - FXSAVE and FXRSTOR Instructions = 0 (0)
00:00:03.106709 25 - AMD fast FXSAVE and FXRSTOR Instr.= 0 (0)
00:00:03.106710 26 - 1 GB large page support           = 0 (0)
00:00:03.106710 27 - RDTSCP instruction                = 1 (1)
00:00:03.106711 28 - Reserved                          = 0 (0)
00:00:03.106711 29 - AMD Long Mode                     = 0 (1)
00:00:03.106712 30 - AMD Extensions to 3DNow!          = 0 (0)
00:00:03.106712 31 - AMD 3DNow!                        = 0 (0)
00:00:03.106713 LahfSahf - LAHF/SAHF in 64-bit mode    = 0 (1)
00:00:03.106713 CmpLegacy - Core MP legacy mode (depr) = 0 (0)
00:00:03.106713 SVM - AMD VM Extensions                = 0 (0)
00:00:03.106714 APIC registers starting at 0x400       = 0 (0)
00:00:03.106714 AltMovCR8 - LOCK MOV CR0 means MOV CR8 = 0 (0)
00:00:03.106715 5  - Advanced bit manipulation         = 0 (0)
00:00:03.106715 6  - SSE4A instruction support         = 0 (0)
00:00:03.106716 7  - Misaligned SSE mode               = 0 (0)
00:00:03.106716 8  - PREFETCH and PREFETCHW instruction= 0 (0)
00:00:03.106717 9  - OS visible workaround             = 0 (0)
00:00:03.106717 10 - Instruction based sampling        = 0 (0)
00:00:03.106717 11 - SSE5 support                      = 0 (0)
00:00:03.106718 12 - SKINIT, STGI, and DEV support     = 0 (0)
00:00:03.106718 13 - Watchdog timer support.           = 0 (0)
00:00:03.106719 31:14 - Reserved                       = 0x0 (0x0)
00:00:03.106719 Full Name:                               Intel(R) Core(TM) i5-3340 CPU @ 3.10GHz
00:00:03.106720 TLB 2/4M Instr/Uni:              res0     0 entries
00:00:03.106721 TLB 2/4M Data:                   res0     0 entries
00:00:03.106721 TLB 4K Instr/Uni:                res0     0 entries
00:00:03.106722 TLB 4K Data:                     res0     0 entries
00:00:03.106722 L1 Instr Cache Line Size:        0 bytes
00:00:03.106723 L1 Instr Cache Lines Per Tag:    0
00:00:03.106723 L1 Instr Cache Associativity:    res0  
00:00:03.106723 L1 Instr Cache Size:             0 KB
00:00:03.106724 L1 Data Cache Line Size:         0 bytes
00:00:03.106724 L1 Data Cache Lines Per Tag:     0
00:00:03.106724 L1 Data Cache Associativity:     res0  
00:00:03.106725 L1 Data Cache Size:              0 KB
00:00:03.106725 L2 TLB 2/4M Instr/Uni:           off       0 entries
00:00:03.106726 L2 TLB 2/4M Data:                off       0 entries
00:00:03.106726 L2 TLB 4K Instr/Uni:             off       0 entries
00:00:03.106727 L2 TLB 4K Data:                  off       0 entries
00:00:03.106727 L2 Cache Line Size:              0 bytes
00:00:03.106728 L2 Cache Lines Per Tag:          0
00:00:03.106728 L2 Cache Associativity:          off   
00:00:03.106728 L2 Cache Size:                   0 KB
00:00:03.106729 APM Features:                   
00:00:03.106729 Physical Address Width:          36 bits
00:00:03.106730 Virtual Address Width:           48 bits
00:00:03.106730 Guest Physical Address Width:    0 bits
00:00:03.106731 Physical Core Count:             0
00:00:03.106731 
00:00:03.106731          RAW Centaur CPUIDs
00:00:03.106731      Function  eax      ebx      ecx      edx
00:00:03.106732 Gst: c0000000  00000007 00000340 00000340 00000000
00:00:03.106733 Hst:           00000007 00000340 00000340 00000000
00:00:03.106734 Gst: c0000001  00000007 00000340 00000340 00000000
00:00:03.106734 Hst:           00000007 00000340 00000340 00000000
00:00:03.106735 Gst: c0000002  00000007 00000340 00000340 00000000
00:00:03.106736 Hst:           00000007 00000340 00000340 00000000
00:00:03.106736 Gst: c0000003  00000007 00000340 00000340 00000000
00:00:03.106737 Hst:           00000007 00000340 00000340 00000000
00:00:03.106738 Centaur Supports:                0xc0000000-0x00000007
00:00:03.106738 Mnemonic - Description                 = guest (host)
00:00:03.106739 AIS - Alternate Instruction Set        = 0 (0)
00:00:03.106739 AIS-E - AIS enabled                    = 0 (0)
00:00:03.106740 RNG - Random Number Generator          = 0 (0)
00:00:03.106740 RNG-E - RNG enabled                    = 0 (0)
00:00:03.106741 LH - LongHaul MSR 0000_110Ah           = 0 (0)
00:00:03.106741 FEMMS - FEMMS                          = 0 (0)
00:00:03.106742 ACE - Advanced Cryptography Engine     = 0 (0)
00:00:03.106742 ACE-E - ACE enabled                    = 0 (0)
00:00:03.106743 ACE2 - Advanced Cryptography Engine 2  = 0 (0)
00:00:03.106743 ACE2-E - ACE enabled                   = 0 (0)
00:00:03.106743 PHE - Padlock Hash Engine              = 0 (0)
00:00:03.106744 PHE-E - PHE enabled                    = 0 (0)
00:00:03.106744 PMM - Montgomery Multiplier            = 0 (0)
00:00:03.106745 PMM-E - PMM enabled                    = 0 (0)
00:00:03.106745 14 - Reserved                          = 0 (0)
00:00:03.106746 15 - Reserved                          = 0 (0)
00:00:03.106746 Parallax                               = 0 (0)
00:00:03.106747 Parallax enabled                       = 0 (0)
00:00:03.106747 Overstress                             = 0 (0)
00:00:03.106747 Overstress enabled                     = 0 (0)
00:00:03.106748 TM3 - Temperature Monitoring 3         = 0 (0)
00:00:03.106748 TM3-E - TM3 enabled                    = 0 (0)
00:00:03.106749 RNG2 - Random Number Generator 2       = 0 (0)
00:00:03.106749 RNG2-E - RNG2 enabled                  = 0 (0)
00:00:03.106750 24 - Reserved                          = 0 (0)
00:00:03.106750 PHE2 - Padlock Hash Engine 2           = 0 (0)
00:00:03.106751 PHE2-E - PHE2 enabled                  = 0 (0)
00:00:03.106751 Bit 27                                 = 1 (0)
00:00:03.106752 
00:00:03.106752 
00:00:03.106753 ******************** End of CPUID dump **********************
00:00:03.110337 Debug: HCPhysInterPD=00000000d874a000 HCPhysInterPaePDPT=00000000d8747000 HCPhysInterPaePML4=00000000d8745000
00:00:03.110351 Debug: apInterPTs={00000000d8749000,00000000d8748000} apInterPaePTs={0000000303b4f000,0000000305450000} apInterPaePDs={0000000306451000,00000003075d2000,0000000306553000,0000000305c54000} pInterPaePDPT64=00000000d8746000
00:00:03.110357 Host paging mode: AMD64+PGE+NX
00:00:03.110363 PGMPool: cMaxPages=1072 (u64MaxPages=1058)
00:00:03.110366 pgmR3PoolInit: cMaxPages=0x430 cMaxUsers=0x860 cMaxPhysExts=0x860 fCacheEnable=true 
00:00:03.128124 TM: GIP - u32Mode=1 (SyncTSC) u32UpdateHz=100
00:00:03.159981 TM: cTSCTicksPerSecond=0xb8612c64 (3 093 376 100) fTSCVirtualized=true  fTSCUseRealTSC=false
00:00:03.159987 TM: fMaybeUseOffsettedHostTSC=true  TSCTiedToExecution=false TSCNotTiedToHalt=false
00:00:03.160904 CoreCode: R3=0000000002760000 R0=fffff8800d672000 RC=a09a6000 Phys=00000000d86ea000 cb=0x1000
00:00:03.167100 AIOMgr: Default manager type is "Async"
00:00:03.167107 AIOMgr: Default file backend is "NonBuffered"
00:00:03.167614 BlkCache: Cache successfully initialised. Cache size is 5242880 bytes
00:00:03.167622 BlkCache: Cache commit interval is 10000 ms
00:00:03.167626 BlkCache: Cache commit threshold is 2621440 bytes
00:00:03.175666 [SMP] BIOS with 1 CPUs
00:00:03.183822 SUP: Loaded VBoxDDR0.r0 (C:\Users\Jimmy\Program\Portable-VirtualBox-4-2-4-OK\app64\VBoxDDR0.r0) at 0xfffff8800d334000 - ModuleInit at 0000000000000000 and ModuleTerm at 0000000000000000 using the native ring-0 loader
00:00:03.183833 SUP: windbg> .reload /f C:\Users\Jimmy\Program\Portable-VirtualBox-4-2-4-OK\app64\VBoxDDR0.r0=0xfffff8800d334000
00:00:03.187549 SUP: Loaded VBoxDD2R0.r0 (C:\Users\Jimmy\Program\Portable-VirtualBox-4-2-4-OK\app64\VBoxDD2R0.r0) at 0xfffff8800d357000 - ModuleInit at 0000000000000000 and ModuleTerm at 0000000000000000 using the native ring-0 loader
00:00:03.187558 SUP: windbg> .reload /f C:\Users\Jimmy\Program\Portable-VirtualBox-4-2-4-OK\app64\VBoxDD2R0.r0=0xfffff8800d357000
00:00:03.187593 Activating Local APIC
00:00:03.187597 CPUMSetGuestCpuIdFeature: Enabled APIC
00:00:03.187599 CPUMClearGuestCpuIdFeature: Disabled x2APIC
00:00:03.188154 PIT: mode=3 count=0x10000 (65536) - 18.20 Hz (ch=0)
00:00:03.192318 Shared Folders service loaded.
00:00:03.204915 DrvBlock: Flushes will be ignored
00:00:03.204925 DrvBlock: Async flushes will be passed to the disk
00:00:03.205065 VDInit finished
00:00:03.205272 PIIX3 ATA: LUN#0: disk, PCHS=16383/16/63, total number of sectors 52428800
00:00:03.205282 PIIX3 ATA: LUN#1: no unit
00:00:03.205404 DrvBlock: Flushes will be ignored
00:00:03.205408 DrvBlock: Async flushes will be passed to the disk
00:00:03.205473 PIIX3 ATA: LUN#2: CD/DVD, total number of sectors 0, passthrough disabled
00:00:03.205482 PIIX3 ATA: LUN#3: no unit
00:00:03.205498 PIIX3 ATA: Ctl#1: finished processing RESET
00:00:03.205508 PIIX3 ATA: Ctl#0: finished processing RESET
00:00:03.213415 NAT: DNS#0: 10.2.0.150
00:00:03.213428 NAT: DNS#1: 168.95.1.1
00:00:03.215195 Audio: Trying driver 'dsound'.
00:00:03.243912 Audio: set_record_source ars=0 als=0 (not implemented)
00:00:03.268147 VUSB: attached 'HidMouse' to port 1
00:00:03.268649 DevPcBios: ATA LUN#0 LCHS=3263/255/63
00:00:03.268771 PGM: The CPU physical address width is 36 bits
00:00:03.268779 PGMR3InitFinalize: 4 MB PSE mask 0000000fffffffff
00:00:03.271458 VMM: fUsePeriodicPreemptionTimers=false
00:00:03.271837 HWACCM: No VT-x or AMD-V CPU extension found. Reason VERR_VMX_MSR_LOCKED_OR_DISABLED
00:00:03.272463 HWACCM: VMX MSR_IA32_FEATURE_CONTROL=1
00:00:03.275052 VM: Halt method global1 (5)
00:00:03.275065 HaltedGlobal1 config: cNsSpinBlockThresholdCfg=125000
00:00:03.275070 Changing the VM state from 'CREATING' to 'CREATED'.
00:00:03.275219 Changing the VM state from 'CREATED' to 'POWERING_ON'.
00:00:03.275399 Changing the VM state from 'POWERING_ON' to 'RUNNING'.
00:00:03.280495 Guest Log: BIOS: VirtualBox 4.2.4
00:00:03.281571 PIT: mode=2 count=0x10000 (65536) - 18.20 Hz (ch=0)
00:00:03.296129 Display::handleDisplayResize(): uScreenId = 0, pvVRAM=0000000000000000 w=720 h=400 bpp=0 cbLine=0x0, flags=0x1
00:00:03.324488 PIIX3 ATA: Ctl#0: RESET, DevSel=0 AIOIf=0 CmdIf0=0x00 (-1 usec ago) CmdIf1=0x00 (-1 usec ago)
00:00:03.324539 PIIX3 ATA: Ctl#0: finished processing RESET
00:00:03.325173 Guest Log: BIOS: ata0-0: PCHS=16383/16/63 LCHS=1024/255/63
00:00:03.325920 PIIX3 ATA: Ctl#0: RESET, DevSel=1 AIOIf=0 CmdIf0=0xec (-1 usec ago) CmdIf1=0x00 (-1 usec ago)
00:00:03.326070 PIIX3 ATA: Ctl#1: RESET, DevSel=0 AIOIf=0 CmdIf0=0x00 (-1 usec ago) CmdIf1=0x00 (-1 usec ago)
00:00:03.326087 PIIX3 ATA: Ctl#1: finished processing RESET
00:00:03.326121 PIIX3 ATA: Ctl#0: finished processing RESET
00:00:03.327575 PIT: mode=2 count=0x48d3 (18643) - 64.00 Hz (ch=0)
00:00:03.340377 Display::handleDisplayResize(): uScreenId = 0, pvVRAM=00000000087f0000 w=640 h=480 bpp=32 cbLine=0xA00, flags=0x1
00:00:03.394007 2D video acceleration is disabled.
00:00:05.800540 Display::handleDisplayResize(): uScreenId = 0, pvVRAM=0000000000000000 w=720 h=400 bpp=0 cbLine=0x0, flags=0x1
00:00:05.801778 PIT: mode=2 count=0x10000 (65536) - 18.20 Hz (ch=0)
00:00:05.802038 Guest Log: BIOS: Boot : bseqnr=1, bootseq=0231
00:00:05.802341 Guest Log: BIOS: Boot from Floppy 0 failed
00:00:05.802401 Guest Log: BIOS: Boot : bseqnr=2, bootseq=0023
00:00:05.802963 Guest Log: BIOS: CDROM boot failure code : 0003
00:00:05.803007 Guest Log: BIOS: Boot from CD-ROM failed
00:00:05.803058 Guest Log: BIOS: Boot : bseqnr=3, bootseq=0002
00:00:05.807163 Guest Log: BIOS: Booting from Hard Disk...
00:00:06.020719 Display::handleDisplayResize(): uScreenId = 0, pvVRAM=00000000087f0000 w=640 h=480 bpp=0 cbLine=0x140, flags=0x1
00:00:06.043697 Guest Log: int13_harddisk: function 15, unmapped device for ELDL=81
00:00:07.060844 Display::handleDisplayResize(): uScreenId = 0, pvVRAM=0000000000000000 w=720 h=400 bpp=0 cbLine=0x0, flags=0x1
00:00:07.111300 PIT: mode=2 count=0x2ead (11949) - 99.85 Hz (ch=0)
00:00:07.239879 CPUMClearGuestCpuIdFeature: Disabled x2APIC
00:00:07.261708 Display::handleDisplayResize(): uScreenId = 0, pvVRAM=00000000087f0000 w=640 h=480 bpp=0 cbLine=0x140, flags=0x1
00:00:08.466404 PIIX3 ATA: LUN#0: IDLE IMMEDIATE, CmdIf=0xef (-1 usec ago)
00:00:08.466423 PIIX3 ATA: LUN#0: aborting current command
00:00:10.701150 OHCI: Software reset
00:00:10.701501 OHCI: USB Reset
00:00:10.701532 OHCI: USB Operational
00:00:10.715755 PCNet#0: Init: ss32=1 GCRDRA=0x09a8f420[64] GCTDRA=0x09a8f020[64]
00:00:11.792381 Audio: set_record_source ars=0 als=0 (not implemented)
00:00:11.793226 Audio: set_record_source ars=0 als=0 (not implemented)
00:00:11.931199 PCNet#0: Init: ss32=1 GCRDRA=0x09a8f420[64] GCTDRA=0x09a8f020[64]
00:00:13.296983 Display::handleDisplayResize(): uScreenId = 0, pvVRAM=00000000087f0000 w=1024 h=768 bpp=32 cbLine=0x1000, flags=0x1
00:00:15.082137 NAT: DNS#0: 10.2.0.150
00:00:15.082158 NAT: DNS#1: 168.95.1.1
00:00:15.082164 NAT: DHCP offered IP address 10.0.2.15
00:00:15.085933 NAT: DHCP offered IP address 10.0.2.15
00:00:15.147796 PCNet#0: Init: ss32=1 GCRDRA=0x09a8f420[64] GCTDRA=0x09a8f020[64]
00:00:17.107806 Audio: set_record_source ars=0 als=0 (not implemented)
00:00:17.107845 Audio: set_record_source ars=0 als=0 (not implemented)
00:00:28.142140 PIT: mode=2 count=0x4ad (1197) - 996.81 Hz (ch=0)
00:00:29.604736 NAT: DHCP offered IP address 10.0.2.15
00:01:52.319423 PCNet#0: Init: ss32=1 GCRDRA=0x09a8f420[64] GCTDRA=0x09a8f020[64]
00:03:20.001573 NAT: DNS#0: 10.2.0.150
00:03:20.001596 NAT: DNS#1: 168.95.1.1
00:03:20.001606 NAT: DHCP offered IP address 10.0.2.15
00:05:28.219715 NAT: DNS#0: 10.2.0.150
00:05:28.219728 NAT: DNS#1: 168.95.1.1
00:05:28.219733 NAT: DHCP offered IP address 10.0.2.15
01:20:16.145286 PCNet#0: Init: ss32=1 GCRDRA=0x09a8f420[64] GCTDRA=0x09a8f020[64]
01:20:17.576768 PIT: mode=2 count=0x2ead (11949) - 99.85 Hz (ch=0)
01:20:19.332654 PIIX3 ATA: LUN#0: IDLE IMMEDIATE, CmdIf=0xe7 (-1 usec ago)
01:20:19.332667 PIIX3 ATA: LUN#0: aborting current command
01:20:20.571795 OHCI: USB Suspended
01:20:20.575390 Reset initiated by keyboard controller
01:20:20.575414 Changing the VM state from 'RUNNING' to 'RESETTING'.
01:20:20.624159 CPUMSetGuestCpuIdFeature: Enabled APIC
01:20:20.624178 CPUMClearGuestCpuIdFeature: Disabled x2APIC
01:20:20.624187 PIT: mode=3 count=0x10000 (65536) - 18.20 Hz (ch=0)
01:20:20.625696 PIIX3 ATA: Ctl#0: finished processing RESET
01:20:20.625732 PIIX3 ATA: Ctl#1: finished processing RESET
01:20:20.625763 Audio: set_record_source ars=0 als=0 (not implemented)
01:20:20.626033 PDMR3Reset: after     2 ms, 1 loops: 1 async tasks - piix3ide/0
01:20:20.626071 Changing the VM state from 'RESETTING' to 'RUNNING'.
01:20:20.628683 Guest Log: BIOS: VirtualBox 4.2.4
01:20:20.628884 PIT: mode=2 count=0x10000 (65536) - 18.20 Hz (ch=0)
01:20:20.638154 OHCI: root hub reset completed with VINF_SUCCESS
01:20:20.654317 Display::handleDisplayResize(): uScreenId = 0, pvVRAM=0000000000000000 w=720 h=400 bpp=0 cbLine=0x0, flags=0x1
01:20:20.670081 PIIX3 ATA: Ctl#0: RESET, DevSel=0 AIOIf=0 CmdIf0=0xe7 (-1 usec ago) CmdIf1=0x00 (-1 usec ago)
01:20:20.670132 PIIX3 ATA: Ctl#0: finished processing RESET
01:20:20.670859 Guest Log: BIOS: ata0-0: PCHS=16383/16/63 LCHS=1024/255/63
01:20:20.671495 PIIX3 ATA: Ctl#0: RESET, DevSel=1 AIOIf=0 CmdIf0=0xec (-1 usec ago) CmdIf1=0x00 (-1 usec ago)
01:20:20.671589 PIIX3 ATA: Ctl#0: finished processing RESET
01:20:20.671666 PIIX3 ATA: Ctl#1: RESET, DevSel=0 AIOIf=0 CmdIf0=0xa0 (-1 usec ago) CmdIf1=0x00 (-1 usec ago)
01:20:20.671715 PIIX3 ATA: Ctl#1: finished processing RESET
01:20:20.673696 PIT: mode=2 count=0x48d3 (18643) - 64.00 Hz (ch=0)
01:20:20.675670 Display::handleDisplayResize(): uScreenId = 0, pvVRAM=00000000087f0000 w=640 h=480 bpp=32 cbLine=0xA00, flags=0x1
01:20:23.149279 PIT: mode=2 count=0x10000 (65536) - 18.20 Hz (ch=0)
01:20:23.149733 Guest Log: BIOS: Boot : bseqnr=1, bootseq=0231
01:20:23.150272 Guest Log: BIOS: Boot from Floppy 0 failed
01:20:23.150371 Guest Log: BIOS: Boot : bseqnr=2, bootseq=0023
01:20:23.151653 Guest Log: BIOS: CDROM boot failure code : 0003
01:20:23.151724 Guest Log: BIOS: Boot from CD-ROM failed
01:20:23.151817 Guest Log: BIOS: Boot : bseqnr=3, bootseq=0002
01:20:23.152751 Guest Log: BIOS: Booting from Hard Disk...
01:20:23.158459 Display::handleDisplayResize(): uScreenId = 0, pvVRAM=0000000000000000 w=720 h=400 bpp=0 cbLine=0x0, flags=0x1
01:20:23.338475 Display::handleDisplayResize(): uScreenId = 0, pvVRAM=00000000087f0000 w=640 h=480 bpp=0 cbLine=0x140, flags=0x1
01:20:23.360672 Guest Log: int13_harddisk: function 15, unmapped device for ELDL=81
01:20:24.286356 Display::handleDisplayResize(): uScreenId = 0, pvVRAM=0000000000000000 w=720 h=400 bpp=0 cbLine=0x0, flags=0x1
01:20:24.287567 PIT: mode=2 count=0x2ead (11949) - 99.85 Hz (ch=0)
01:20:24.365231 CPUMClearGuestCpuIdFeature: Disabled x2APIC
01:20:24.378609 Display::handleDisplayResize(): uScreenId = 0, pvVRAM=00000000087f0000 w=640 h=480 bpp=0 cbLine=0x140, flags=0x1
01:20:25.583979 PIIX3 ATA: LUN#0: IDLE IMMEDIATE, CmdIf=0xef (-1 usec ago)
01:20:25.584008 PIIX3 ATA: LUN#0: aborting current command
01:20:27.544107 OHCI: Software reset
01:20:27.544172 OHCI: USB Reset
01:20:27.544200 OHCI: USB Operational
01:20:27.553461 PCNet#0: Init: ss32=1 GCRDRA=0x09a8c420[64] GCTDRA=0x09a8c020[64]
01:20:28.619643 Audio: set_record_source ars=0 als=0 (not implemented)
01:20:28.621450 Audio: set_record_source ars=0 als=0 (not implemented)
01:20:28.788699 PCNet#0: Init: ss32=1 GCRDRA=0x09a8c420[64] GCTDRA=0x09a8c020[64]
01:20:29.677946 Display::handleDisplayResize(): uScreenId = 0, pvVRAM=00000000087f0000 w=1024 h=768 bpp=32 cbLine=0x1000, flags=0x1
01:20:31.374632 NAT: DNS#0: 10.2.0.150
01:20:31.374664 NAT: DNS#1: 168.95.1.1
01:20:31.374672 NAT: DHCP offered IP address 10.0.2.15
01:20:31.461971 PCNet#0: Init: ss32=1 GCRDRA=0x09a8c420[64] GCTDRA=0x09a8c020[64]
01:20:33.478655 Audio: set_record_source ars=0 als=0 (not implemented)
01:20:33.478691 Audio: set_record_source ars=0 als=0 (not implemented)
01:20:43.874411 PIT: mode=2 count=0x4ad (1197) - 996.81 Hz (ch=0)
01:20:45.342143 NAT: DHCP offered IP address 10.0.2.15
01:22:06.746548 PCNet#0: Init: ss32=1 GCRDRA=0x09a8c420[64] GCTDRA=0x09a8c020[64]
01:23:56.642110 NAT: DNS#0: 10.2.0.150
01:23:56.642131 NAT: DNS#1: 168.95.1.1
01:23:56.642136 NAT: DHCP offered IP address 10.0.2.15
01:26:04.848210 NAT: DNS#0: 10.2.0.150
01:26:04.848235 NAT: DNS#1: 168.95.1.1
01:26:04.848242 NAT: DHCP offered IP address 10.0.2.15
01:32:39.584148 NAT: DNS#0: 10.2.0.150
01:32:39.584163 NAT: DNS#1: 168.95.1.1
01:32:39.584169 NAT: DHCP offered IP address 10.0.2.15
01:38:55.913543 PCNet#0: Init: ss32=1 GCRDRA=0x09a8c420[64] GCTDRA=0x09a8c020[64]
01:38:57.056125 PIT: mode=2 count=0x2ead (11949) - 99.85 Hz (ch=0)
01:39:11.058932 PIIX3 ATA: LUN#0: IDLE IMMEDIATE, CmdIf=0xe7 (-1 usec ago)
01:39:11.058945 PIIX3 ATA: LUN#0: aborting current command
01:39:12.619023 OHCI: USB Suspended
01:39:12.623318 Entering S5 power state (power down)
01:39:12.623345 Changing the VM state from 'RUNNING' to 'POWERING_OFF'.
01:39:12.623354 ****************** Guest state at power off ******************
01:39:12.623356 Guest CPUM (VCPU 0) state: 
01:39:12.623361 eax=00000000 ebx=ffdff120 ecx=f78c6d08 edx=f78c6df0 esi=f78c6ce0 edi=00000000
01:39:12.623363 eip=806f82a9 esp=f78c6bf8 ebp=f78c6c24 iopl=0      rf nv up di pl nz na po nc
01:39:12.623365 cs={0008 base=0000000000000000 limit=ffffffff flags=0000c09b} dr0=00000000 dr1=00000000
01:39:12.623367 ds={0023 base=0000000000000000 limit=ffffffff flags=0000c0f3} dr2=00000000 dr3=00000000
01:39:12.623368 es={0023 base=0000000000000000 limit=ffffffff flags=0000c0f3} dr4=00000000 dr5=00000000
01:39:12.623370 fs={0030 base=00000000ffdff000 limit=00001fff flags=0000c093} dr6=ffff0ff0 dr7=00000400
01:39:12.623372 gs={0000 base=0000000000000000 limit=0000ffff flags=000000f3} cr0=80010031 cr2=f7513b6e
01:39:12.623373 ss={0010 base=0000000000000000 limit=ffffffff flags=0000c093} cr3=00039000 cr4=000006d9
01:39:12.623375 gdtr=000000008003f000:03ff  idtr=000000008003f400:07ff  eflags=00010046
01:39:12.623376 ldtr={0000 base=00000000 limit=00000000 flags=00000082}
01:39:12.623377 tr  ={0028 base=80042000 limit=000020ab flags=0000008b}
01:39:12.623378 SysEnter={cs=0000 eip=00000000 esp=00000000}
01:39:12.623381 FCW=027f FSW=0000 FTW=0000 FOP=0000 MXCSR=00001f80 MXCSR_MASK=0000ffff
01:39:12.623382 FPUIP=00000000 CS=0000 Rsrvd1=0000  FPUDP=00000000 DS=0000 Rsvrd2=0000
01:39:12.623383 ST(0)=FPR0={0000'01862aee'00000000} t0 +0.0000109822442607738880 ^ 0
01:39:12.623386 ST(1)=FPR1={0000'01862aee'00000000} t0 +0.0000109822442607738880 ^ 0
01:39:12.623388 ST(2)=FPR2={0000'01862aee'00000000} t0 +0.0000109822442607738880 ^ 0
01:39:12.623390 ST(3)=FPR3={0000'01862aee'00000000} t0 +0.0000109822442607738880 ^ 0
01:39:12.623392 ST(4)=FPR4={0000'01862aee'00000000} t0 +0.0000109822442607738880 ^ 0
01:39:12.623393 ST(5)=FPR5={0000'01862aee'00000000} t0 +0.0000109822442607738880 ^ 0
01:39:12.623395 ST(6)=FPR6={0000'01862aee'00000000} t0 +0.0000109822442607738880 ^ 0
01:39:12.623397 ST(7)=FPR7={0000'01862aee'00000000} t0 +0.0000109822442607738880 ^ 0
01:39:12.623398 XMM0 =6f816040'00000000'00000000'7c9301bb  XMM1 =00000000'000000bf'000025e6'00005dc9
01:39:12.623400 XMM2 =00000000'00000000'00000000'00003646  XMM3 =00000000'00000000'00000000'00000000
01:39:12.623402 XMM4 =0000b08b'00002ea0'00000000'000555b2  XMM5 =00000272'00000000'000013a7'00000000
01:39:12.623404 XMM6 =000083e6'00000006'000056ee'00000167  XMM7 =00000000'00000000'00000000'00000000
01:39:12.623406 XMM8 =00000000'00000000'00000000'00000000  XMM9 =00000000'00000000'00000000'00000000
01:39:12.623407 XMM10=00000000'00000000'00000000'00000000  XMM11=00000000'00000000'00000000'00000000
01:39:12.623409 XMM12=00000000'00000000'00000000'00000000  XMM13=00000000'00000000'00000000'00000000
01:39:12.623411 XMM14=00000000'00000000'00000000'00000000  XMM15=00000000'00000000'00000000'00000000
01:39:12.623412 EFER         =0000000000000000
01:39:12.623413 PAT          =0007010600070106
01:39:12.623414 STAR         =0000000000000000
01:39:12.623414 CSTAR        =0000000000000000
01:39:12.623415 LSTAR        =0000000000000000
01:39:12.623415 SFMASK       =0000000000000000
01:39:12.623415 KERNELGSBASE =0000000000000000
01:39:12.623416 ***
01:39:12.623418 Guest paging mode:  32-bit (changed 1921 times), A20 enabled (changed 2 times)
01:39:12.623420 Shadow paging mode: PAE
01:39:12.623420 Host paging mode:   AMD64+G+NX
01:39:12.623421 ***
01:39:12.623423 Active Timers (pVM=0000000000310000)
01:39:12.623423 pTimerR3         offNext  offPrev  offSched Clock               Time             Expire HzHint State                     Description
01:39:12.623426 000000000468ba30 00009190 00000000 00000000 Real             6040638            6040637      0 2-ACTIVE                  VGA Refresh Timer
01:39:12.623429 0000000004694bc0 ffffff80 ffff6e70 00000000 Real             6040638            6040656      0 2-ACTIVE                  EMT Yielder
01:39:12.623432 0000000004694b40 00000000 00000080 00000000 Real             6040638            6041562      0 2-ACTIVE                  CPU Load Timer
01:39:12.623434 0000000004690a00 00000000 00000000 00000000 Virt       5949347867782      5949350321112      0 2-ACTIVE                  Audio timer
01:39:12.623437 0000000004683510 00000670 00000000 00000000 VrSy       5949347371051      5949352846030     99 2-ACTIVE                  i8254 Programmable Interval Timer
01:39:12.623440 0000000004683b80 000102d0 fffff990 00000000 VrSy       5949347374011      5949990000000      0 2-ACTIVE                  MC146818 RTC/CMOS - Second
01:39:12.623443 0000000004693e50 00000000 fffefd30 00000000 VrSy       5949347376827      6017168969558      0 2-ACTIVE                  ACPI PM Timer
01:39:12.623447 ***
01:39:12.623448 Shadow GDT (GCAddr=ee9a8000):
01:39:12.623451 0008 - 0000ffff 00dfbb00 - base=00000000 limit=ffffffff dpl=1 CodeER Accessed Present Page 32-bit 
01:39:12.623453 0010 - 0000ffff 00dfb300 - base=00000000 limit=ffffffff dpl=1 DataRW Accessed Present Page 32-bit 
01:39:12.623454 0018 - 0000ffff 00cffb00 - base=00000000 limit=ffffffff dpl=3 CodeER Accessed Present Page 32-bit 
01:39:12.623455 0020 - 0000ffff 00cff300 - base=00000000 limit=ffffffff dpl=3 DataRW Accessed Present Page 32-bit 
01:39:12.623456 0030 - f0000001 ffd0b3df - base=ffdff000 limit=00001fff dpl=1 DataRW Accessed Present Page 32-bit 
01:39:12.623458 0038 - 00000fff 0040f300 - base=00000000 limit=00000fff dpl=3 DataRW Accessed Present 32-bit 
01:39:12.623459 0040 - 0400ffff 0000f300 - base=00000400 limit=0000ffff dpl=3 DataRW Accessed Present 16-bit 
01:39:12.623461 0060 - 2f40ffff 0010b302 - base=00022f40 limit=0000ffff dpl=1 DataRW Accessed Present 16-bit 
01:39:12.623462 0068 - 80003fff 0010b30b - base=000b8000 limit=00003fff dpl=1 DataRW Accessed Present 16-bit 
01:39:12.623463 0070 - 700003ff ff10b3ff - base=ffff7000 limit=000003ff dpl=1 DataRW Accessed Present 16-bit 
01:39:12.623464 0078 - 0000ffff 8010bb40 - base=80400000 limit=0000ffff dpl=1 CodeER Accessed Present 16-bit 
01:39:12.623465 0080 - 0000ffff 8010b340 - base=80400000 limit=0000ffff dpl=1 DataRW Accessed Present 16-bit 
01:39:12.623466 0088 - 00000000 0010b300 - base=00000000 limit=00000000 dpl=1 DataRW Accessed Present 16-bit 
01:39:12.623468 00e8 - 0000ffff 0010b300 - base=00000000 limit=0000ffff dpl=1 DataRW Accessed Present 16-bit 
01:39:12.623469 00f0 - 9b2084cf 8013b94d - base=804d9b20 limit=000384cf dpl=1 CodeEO Accessed Present 16-bit 
01:39:12.623470 00f8 - 0000ffff 0010b300 - base=00000000 limit=0000ffff dpl=1 DataRW Accessed Present 16-bit 
01:39:12.623480 ffd8 - 81980087 ee008900 - base=ee008198 limit=00000087 dpl=0 TSS32Avail Present 16-bit  HyperTSSTrap08
01:39:12.623481 ffe0 - 81100087 ee008b00 - base=ee008110 limit=00000087 dpl=0 TSS32Busy Present 16-bit  HyperTSS
01:39:12.623482 ffe8 - 0000ffff 00af9b00 - base=00000000 limit=ffffffff dpl=0 CodeER Accessed Present Page 16-bit  HyperCS64
01:39:12.623484 fff0 - 0000ffff 00cf9300 - base=00000000 limit=ffffffff dpl=0 DataRW Accessed Present Page 32-bit  HyperDS
01:39:12.623485 fff8 - 0000ffff 00cf9b00 - base=00000000 limit=ffffffff dpl=0 CodeER Accessed Present Page 32-bit  HyperCS
01:39:12.623485 ***
01:39:12.623486 ************** End of Guest state at power off ***************
01:39:12.631538 PDMR3PowerOff: 7 996 710 ns run time
01:39:12.631550 Changing the VM state from 'POWERING_OFF' to 'OFF'.
01:39:12.632959 Console::powerDown(): A request to power off the VM has been issued (mMachineState=Stopping, InUninit=0)
01:39:12.635398 Changing the VM state from 'OFF' to 'DESTROYING'.
01:39:12.635450 ************************* Statistics *************************
01:39:12.635507 /Devices/IDE0/ATA0/Unit0/AtapiDMA        0 times
01:39:12.635512 /Devices/IDE0/ATA0/Unit0/AtapiPIO        0 times
01:39:12.635514 /Devices/IDE0/ATA0/Unit0/DMA       165876 times
01:39:12.635517 /Devices/IDE0/ATA0/Unit0/PIO         9812 times
01:39:12.635519 /Devices/IDE0/ATA0/Unit0/ReadBytes 1473669120 bytes
01:39:12.635522 /Devices/IDE0/ATA0/Unit0/WrittenBytes 1427094016 bytes
01:39:12.635525 /Devices/IDE0/ATA0/Unit1/AtapiDMA        0 times
01:39:12.635527 /Devices/IDE0/ATA0/Unit1/AtapiPIO        0 times
01:39:12.635529 /Devices/IDE0/ATA0/Unit1/DMA            0 times
01:39:12.635531 /Devices/IDE0/ATA0/Unit1/PIO            0 times
01:39:12.635534 /Devices/IDE0/ATA0/Unit1/ReadBytes        0 bytes
01:39:12.635536 /Devices/IDE0/ATA0/Unit1/WrittenBytes        0 bytes
01:39:12.635538 /Devices/IDE0/ATA1/Unit0/AtapiDMA        0 times
01:39:12.635540 /Devices/IDE0/ATA1/Unit0/AtapiPIO     6500 times
01:39:12.635543 /Devices/IDE0/ATA1/Unit0/DMA            0 times
01:39:12.635545 /Devices/IDE0/ATA1/Unit0/PIO            0 times
01:39:12.635547 /Devices/IDE0/ATA1/Unit0/ReadBytes        0 bytes
01:39:12.635550 /Devices/IDE0/ATA1/Unit0/WrittenBytes        0 bytes
01:39:12.635552 /Devices/IDE0/ATA1/Unit1/AtapiDMA        0 times
01:39:12.635554 /Devices/IDE0/ATA1/Unit1/AtapiPIO        0 times
01:39:12.635556 /Devices/IDE0/ATA1/Unit1/DMA            0 times
01:39:12.635558 /Devices/IDE0/ATA1/Unit1/PIO            0 times
01:39:12.635560 /Devices/IDE0/ATA1/Unit1/ReadBytes        0 bytes
01:39:12.635563 /Devices/IDE0/ATA1/Unit1/WrittenBytes        0 bytes
01:39:12.635565 /Devices/PCNet0/ReceiveBytes     771175833 bytes
01:39:12.635567 /Devices/PCNet0/TransmitBytes    27246761 bytes
01:39:12.635570 /Devices/VMMDev/BalloonChunks           0 count
01:39:12.635572 /FT/Checkpoint/Network                  0 times
01:39:12.635575 /FT/Checkpoint/Storage                  0 times
01:39:12.635577 /FT/Received/Mem                        0 bytes
01:39:12.635579 /FT/Received/State                      0 bytes
01:39:12.635582 /FT/Sent/Mem                            0 bytes
01:39:12.635584 /FT/Sent/State                          0 bytes
01:39:12.635587 /FT/Sync/DeltaMem                       0 times
01:39:12.635589 /FT/Sync/DeltaVM                        0 times
01:39:12.635591 /FT/Sync/Full                           0 times
01:39:12.635594 /GMM/VM/Allocated/cBasePages       524332 pages
01:39:12.635596 /GMM/VM/Allocated/cFixedPages           0 pages
01:39:12.635599 /GMM/VM/Allocated/cShadowPages          0 pages
01:39:12.635601 /GMM/VM/Reserved/cBasePages        524446 pages
01:39:12.635603 /GMM/VM/Reserved/cFixedPages         5252 pages
01:39:12.635608 /GMM/VM/Reserved/cShadowPages           1 pages
01:39:12.635611 /GMM/VM/cBalloonedPages                 0 pages
01:39:12.635614 /GMM/VM/cMaxBalloonedPages              0 pages
01:39:12.635616 /GMM/VM/cPrivatePages              524332 pages
01:39:12.635619 /GMM/VM/cReqActuallyBalloonedPages        0 pages
01:39:12.635621 /GMM/VM/cReqBalloonedPages              0 pages
01:39:12.635623 /GMM/VM/cReqDeflatePages                0 pages
01:39:12.635626 /GMM/VM/cShareableModules               0 count
01:39:12.635628 /GMM/VM/cSharedPages                    0 pages
01:39:12.635630 /GMM/VM/enmPolicy                       1 
01:39:12.635633 /GMM/VM/enmPriority                     2 
01:39:12.635635 /GMM/VM/fBallooningEnabled       false    
01:39:12.635637 /GMM/VM/fMayAllocate             false    
01:39:12.635640 /GMM/VM/fSharedPagingEnabled     false    
01:39:12.635642 /GMM/cAllocatedPages               634117 pages
01:39:12.635644 /GMM/cBalloonedPages                    0 pages
01:39:12.635647 /GMM/cChunks                         1240 count
01:39:12.635649 /GMM/cDuplicatePages                    0 pages
01:39:12.635651 /GMM/cFreedChunks                       0 count
01:39:12.635654 /GMM/cLeftBehindSharedPages             0 pages
01:39:12.635656 /GMM/cMaxPages                   4294967295 pages
01:39:12.635659 /GMM/cOverCommittedPages                0 pages
01:39:12.635661 /GMM/cReservedPages               1322694 pages
01:39:12.635663 /GMM/cShareableModules                  0 count
01:39:12.635666 /GMM/cSharedPages                       0 pages
01:39:12.635668 /GVMM/EMTs                              2 calls
01:39:12.635670 /GVMM/HostCPUs                          4 calls
01:39:12.635673 /GVMM/HostCpus/0                        0 
01:39:12.635675 /GVMM/HostCpus/0/CurTimerHz             0 Hz
01:39:12.635677 /GVMM/HostCpus/0/DesiredHz              0 Hz
01:39:12.635680 /GVMM/HostCpus/0/PPTChanges             0 times
01:39:12.635682 /GVMM/HostCpus/0/PPTStarts              0 times
01:39:12.635684 /GVMM/HostCpus/0/idxCpuSet              0 
01:39:12.635686 /GVMM/HostCpus/1                        1 
01:39:12.635689 /GVMM/HostCpus/1/CurTimerHz             0 Hz
01:39:12.635691 /GVMM/HostCpus/1/DesiredHz              0 Hz
01:39:12.635693 /GVMM/HostCpus/1/PPTChanges             0 times
01:39:12.635695 /GVMM/HostCpus/1/PPTStarts              0 times
01:39:12.635697 /GVMM/HostCpus/1/idxCpuSet              1 
01:39:12.635699 /GVMM/HostCpus/2                        2 
01:39:12.635702 /GVMM/HostCpus/2/CurTimerHz             0 Hz
01:39:12.635704 /GVMM/HostCpus/2/DesiredHz              0 Hz
01:39:12.635706 /GVMM/HostCpus/2/PPTChanges             0 times
01:39:12.635708 /GVMM/HostCpus/2/PPTStarts              0 times
01:39:12.635710 /GVMM/HostCpus/2/idxCpuSet              2 
01:39:12.635713 /GVMM/HostCpus/3                        3 
01:39:12.635715 /GVMM/HostCpus/3/CurTimerHz             0 Hz
01:39:12.635717 /GVMM/HostCpus/3/DesiredHz              0 Hz
01:39:12.635719 /GVMM/HostCpus/3/PPTChanges             0 times
01:39:12.635721 /GVMM/HostCpus/3/PPTStarts              0 times
01:39:12.635724 /GVMM/HostCpus/3/idxCpuSet              3 
01:39:12.635726 /GVMM/Sum/HaltBlocking            6801609 calls
01:39:12.635728 /GVMM/Sum/HaltCalls              504134536 calls
01:39:12.635731 /GVMM/Sum/HaltNotBlocking        497332927 calls
01:39:12.635733 /GVMM/Sum/HaltTimeouts            3110052 calls
01:39:12.635736 /GVMM/Sum/HaltWakeUps                   0 calls
01:39:12.635738 /GVMM/Sum/PokeCalls                140865 calls
01:39:12.635740 /GVMM/Sum/PokeNotBusy                3580 calls
01:39:12.635743 /GVMM/Sum/PollCalls                470035 calls
01:39:12.635745 /GVMM/Sum/PollHalts                     0 calls
01:39:12.635747 /GVMM/Sum/PollWakeUps                   0 calls
01:39:12.635750 /GVMM/Sum/WakeUpCalls             5650872 calls
01:39:12.635752 /GVMM/Sum/WakeUpNotHalted         5333500 calls
01:39:12.635754 /GVMM/Sum/WakeUpWakeUps                 0 calls
01:39:12.635757 /GVMM/VM/HaltBlocking             6799954 calls
01:39:12.635760 /GVMM/VM/HaltCalls               504132881 calls
01:39:12.635763 /GVMM/VM/HaltNotBlocking         497332927 calls
01:39:12.635765 /GVMM/VM/HaltTimeouts             3108915 calls
01:39:12.635768 /GVMM/VM/HaltWakeUps                    0 calls
01:39:12.635770 /GVMM/VM/PokeCalls                 140821 calls
01:39:12.635772 /GVMM/VM/PokeNotBusy                 3580 calls
01:39:12.635775 /GVMM/VM/PollCalls                 470028 calls
01:39:12.635777 /GVMM/VM/PollHalts                      0 calls
01:39:12.635779 /GVMM/VM/PollWakeUps                    0 calls
01:39:12.635782 /GVMM/VM/WakeUpCalls              5650322 calls
01:39:12.635784 /GVMM/VM/WakeUpNotHalted          5333050 calls
01:39:12.635786 /GVMM/VM/WakeUpWakeUps                  0 calls
01:39:12.635789 /GVMM/VMs                               2 calls
01:39:12.635791 /IEM/CPU0/cInstructions                 0 count
01:39:12.635793 /IEM/CPU0/cPotentialExits               0 count
01:39:12.635796 /IEM/CPU0/cRetAspectNotImplemented        0 count
01:39:12.635798 /IEM/CPU0/cRetErrStatuses               0 count
01:39:12.635800 /IEM/CPU0/cRetInfStatuses               0 count
01:39:12.635803 /IEM/CPU0/cRetInstrNotImplemented        0 count
01:39:12.635805 /IEM/CPU0/cbWritten                     0 bytes
01:39:12.635807 /MM/HyperHeap/cbFree               778000 bytes
01:39:12.635810 /MM/HyperHeap/cbHeap              1310400 bytes
01:39:12.635812 /PDM/BlkCache/cbCached                  0 bytes
01:39:12.635815 /PDM/BlkCache/cbCachedFru               0 bytes
01:39:12.635817 /PDM/BlkCache/cbCachedMruIn             0 bytes
01:39:12.635819 /PDM/BlkCache/cbCachedMruOut            0 bytes
01:39:12.635821 /PDM/BlkCache/cbMax               5242880 bytes
01:39:12.635824 /PDM/CritSects/8237A#0 Auto/ContentionR3        0 times
01:39:12.635826 /PDM/CritSects/8237A#0 Auto/ContentionRZLock        0 times
01:39:12.635829 /PDM/CritSects/8237A#0 Auto/ContentionRZUnlock        0 times
01:39:12.635831 /PDM/CritSects/ATA#0/ContentionR3        0 times
01:39:12.635833 /PDM/CritSects/ATA#0/ContentionRZLock        5 times
01:39:12.635835 /PDM/CritSects/ATA#0/ContentionRZUnlock        0 times
01:39:12.635837 /PDM/CritSects/ATA#1/ContentionR3        0 times
01:39:12.635840 /PDM/CritSects/ATA#1/ContentionRZLock        8 times
01:39:12.635842 /PDM/CritSects/ATA#1/ContentionRZUnlock        0 times
01:39:12.635844 /PDM/CritSects/AudioSniffer#0 Auto/ContentionR3        0 times
01:39:12.635846 /PDM/CritSects/AudioSniffer#0 Auto/ContentionRZLock        0 times
01:39:12.635848 /PDM/CritSects/AudioSniffer#0 Auto/ContentionRZUnlock        0 times
01:39:12.635851 /PDM/CritSects/EM-REM/ContentionR3        0 times
01:39:12.635853 /PDM/CritSects/EM-REM/ContentionRZLock        0 times
01:39:12.635855 /PDM/CritSects/EM-REM/ContentionRZUnlock        0 times
01:39:12.635857 /PDM/CritSects/FTM/ContentionR3         0 times
01:39:12.635860 /PDM/CritSects/FTM/ContentionRZLock        0 times
01:39:12.635864 /PDM/CritSects/FTM/ContentionRZUnlock        0 times
01:39:12.635866 /PDM/CritSects/IOM Lock/ContentionR3        0 times
01:39:12.635868 /PDM/CritSects/IOM Lock/ContentionRZLock        0 times
01:39:12.635870 /PDM/CritSects/IOM Lock/ContentionRZUnlock        0 times
01:39:12.635873 /PDM/CritSects/MM-HYPER/ContentionR3        0 times
01:39:12.635875 /PDM/CritSects/MM-HYPER/ContentionRZLock        0 times
01:39:12.635877 /PDM/CritSects/MM-HYPER/ContentionRZUnlock        0 times
01:39:12.635879 /PDM/CritSects/NOP/ContentionR3         0 times
01:39:12.635882 /PDM/CritSects/NOP/ContentionRZLock        0 times
01:39:12.635884 /PDM/CritSects/NOP/ContentionRZUnlock        0 times
01:39:12.635886 /PDM/CritSects/PCNet#0/ContentionR3        0 times
01:39:12.635888 /PDM/CritSects/PCNet#0/ContentionRZLock    61796 times
01:39:12.635890 /PDM/CritSects/PCNet#0/ContentionRZUnlock     5428 times
01:39:12.635893 /PDM/CritSects/PDM/ContentionR3         0 times
01:39:12.635895 /PDM/CritSects/PDM/ContentionRZLock   108067 times
01:39:12.635898 /PDM/CritSects/PDM/ContentionRZUnlock       17 times
01:39:12.635901 /PDM/CritSects/PGM/ContentionR3         0 times
01:39:12.635903 /PDM/CritSects/PGM/ContentionRZLock    12642 times
01:39:12.635905 /PDM/CritSects/PGM/ContentionRZUnlock   110058 times
01:39:12.635908 /PDM/CritSects/PS2K#0/ContentionR3        0 times
01:39:12.635910 /PDM/CritSects/PS2K#0/ContentionRZLock        0 times
01:39:12.635912 /PDM/CritSects/PS2K#0/ContentionRZUnlock        0 times
01:39:12.635915 /PDM/CritSects/PS2KM#0/ContentionR3        0 times
01:39:12.635917 /PDM/CritSects/PS2KM#0/ContentionRZLock        0 times
01:39:12.635919 /PDM/CritSects/PS2KM#0/ContentionRZUnlock        0 times
01:39:12.635921 /PDM/CritSects/REM-Register/ContentionR3        0 times
01:39:12.635924 /PDM/CritSects/REM-Register/ContentionRZLock        0 times
01:39:12.635926 /PDM/CritSects/REM-Register/ContentionRZUnlock        0 times
01:39:12.635928 /PDM/CritSects/TM Timer Lock/ContentionR3        0 times
01:39:12.635930 /PDM/CritSects/TM Timer Lock/ContentionRZLock        0 times
01:39:12.635932 /PDM/CritSects/TM Timer Lock/ContentionRZUnlock        0 times
01:39:12.635935 /PDM/CritSects/TM VirtualSync Lock/ContentionR3        0 times
01:39:12.635937 /PDM/CritSects/TM VirtualSync Lock/ContentionRZLock        0 times
01:39:12.635939 /PDM/CritSects/TM VirtualSync Lock/ContentionRZUnlock        0 times
01:39:12.635941 /PDM/CritSects/VGA#u/ContentionR3        0 times
01:39:12.635943 /PDM/CritSects/VGA#u/ContentionRZLock        0 times
01:39:12.635946 /PDM/CritSects/VGA#u/ContentionRZUnlock        0 times
01:39:12.635948 /PDM/CritSects/VMMDev#0 Auto/ContentionR3        0 times
01:39:12.635950 /PDM/CritSects/VMMDev#0 Auto/ContentionRZLock        0 times
01:39:12.635952 /PDM/CritSects/VMMDev#0 Auto/ContentionRZUnlock        0 times
01:39:12.635954 /PDM/CritSects/VMMDev#u/ContentionR3        0 times
01:39:12.635956 /PDM/CritSects/VMMDev#u/ContentionRZLock        0 times
01:39:12.635958 /PDM/CritSects/VMMDev#u/ContentionRZUnlock        0 times
01:39:12.635961 /PDM/CritSects/acpi0/ContentionR3        0 times
01:39:12.635963 /PDM/CritSects/acpi0/ContentionRZLock        0 times
01:39:12.635965 /PDM/CritSects/acpi0/ContentionRZUnlock        0 times
01:39:12.635967 /PDM/CritSects/ichac97#0 Auto/ContentionR3        0 times
01:39:12.635969 /PDM/CritSects/ichac97#0 Auto/ContentionRZLock        0 times
01:39:12.635972 /PDM/CritSects/ichac97#0 Auto/ContentionRZUnlock        0 times
01:39:12.635974 /PDM/CritSects/mc146818#0 Auto/ContentionR3        0 times
01:39:12.635976 /PDM/CritSects/mc146818#0 Auto/ContentionRZLock        0 times
01:39:12.635978 /PDM/CritSects/mc146818#0 Auto/ContentionRZUnlock        0 times
01:39:12.635980 /PDM/CritSects/pcarch#0 Auto/ContentionR3        0 times
01:39:12.635983 /PDM/CritSects/pcarch#0 Auto/ContentionRZLock        0 times
01:39:12.635985 /PDM/CritSects/pcarch#0 Auto/ContentionRZUnlock        0 times
01:39:12.635987 /PDM/CritSects/pcbios#0 Auto/ContentionR3        0 times
01:39:12.635989 /PDM/CritSects/pcbios#0 Auto/ContentionRZLock        0 times
01:39:12.635991 /PDM/CritSects/pcbios#0 Auto/ContentionRZUnlock        0 times
01:39:12.635994 /PDM/CritSects/pckbd#0 Auto/ContentionR3        0 times
01:39:12.635996 /PDM/CritSects/pckbd#0 Auto/ContentionRZLock        0 times
01:39:12.635998 /PDM/CritSects/pckbd#0 Auto/ContentionRZUnlock        0 times
01:39:12.636000 /PDM/CritSects/pcnet#0 Auto/ContentionR3        0 times
01:39:12.636003 /PDM/CritSects/pcnet#0 Auto/ContentionRZLock        0 times
01:39:12.636005 /PDM/CritSects/pcnet#0 Auto/ContentionRZUnlock        0 times
01:39:12.636007 /PDM/CritSects/piix3ide#0 Auto/ContentionR3        0 times
01:39:12.636009 /PDM/CritSects/piix3ide#0 Auto/ContentionRZLock        0 times
01:39:12.636011 /PDM/CritSects/piix3ide#0 Auto/ContentionRZUnlock        0 times
01:39:12.636014 /PDM/CritSects/pit/ContentionR3         0 times
01:39:12.636016 /PDM/CritSects/pit/ContentionRZLock        0 times
01:39:12.636018 /PDM/CritSects/pit/ContentionRZUnlock        0 times
01:39:12.636021 /PDM/CritSects/usb-ohci#0 Auto/ContentionR3        0 times
01:39:12.636023 /PDM/CritSects/usb-ohci#0 Auto/ContentionRZLock        0 times
01:39:12.636026 /PDM/CritSects/usb-ohci#0 Auto/ContentionRZUnlock        0 times
01:39:12.636028 /PDM/CritSects/vga#0 Auto/ContentionR3        0 times
01:39:12.636030 /PDM/CritSects/vga#0 Auto/ContentionRZLock        0 times
01:39:12.636032 /PDM/CritSects/vga#0 Auto/ContentionRZUnlock        0 times
01:39:12.636034 /PDM/Queue/DevHlp/AllocFailures         0 times
01:39:12.636037 /PDM/Queue/DevHlp/Flush                 0 calls
01:39:12.636039 /PDM/Queue/DevHlp/FlushLeftovers        0 times
01:39:12.636041 /PDM/Queue/DevHlp/Insert                0 calls
01:39:12.636043 /PDM/Queue/DevHlp/cItems                8 count
01:39:12.636046 /PDM/Queue/DevHlp/cbItem               56 bytes
01:39:12.636048 /PDM/Queue/Keyboard/AllocFailures        0 times
01:39:12.636050 /PDM/Queue/Keyboard/Flush               0 calls
01:39:12.636053 /PDM/Queue/Keyboard/FlushLeftovers        0 times
01:39:12.636055 /PDM/Queue/Keyboard/Insert           2517 calls
01:39:12.636057 /PDM/Queue/Keyboard/cItems             64 count
01:39:12.636059 /PDM/Queue/Keyboard/cbItem             32 bytes
01:39:12.636062 /PDM/Queue/Mouse/AllocFailures          0 times
01:39:12.636064 /PDM/Queue/Mouse/Flush                  0 calls
01:39:12.636066 /PDM/Queue/Mouse/FlushLeftovers         0 times
01:39:12.636069 /PDM/Queue/Mouse/Insert                 0 calls
01:39:12.636071 /PDM/Queue/Mouse/cItems               128 count
01:39:12.636073 /PDM/Queue/Mouse/cbItem                56 bytes
01:39:12.636076 /PDM/Queue/Mouse_1/AllocFailures        0 times
01:39:12.636078 /PDM/Queue/Mouse_1/Flush                0 calls
01:39:12.636080 /PDM/Queue/Mouse_1/FlushLeftovers        0 times
01:39:12.636082 /PDM/Queue/Mouse_1/Insert          202932 calls
01:39:12.636085 /PDM/Queue/Mouse_1/cItems             128 count
01:39:12.636087 /PDM/Queue/Mouse_1/cbItem              56 bytes
01:39:12.636089 /PDM/Queue/PCNet-Rcv/AllocFailures        0 times
01:39:12.636091 /PDM/Queue/PCNet-Rcv/Flush              0 calls
01:39:12.636094 /PDM/Queue/PCNet-Rcv/FlushLeftovers        0 times
01:39:12.636096 /PDM/Queue/PCNet-Rcv/Insert             0 calls
01:39:12.636098 /PDM/Queue/PCNet-Rcv/cItems             1 count
01:39:12.636100 /PDM/Queue/PCNet-Rcv/cbItem            24 bytes
01:39:12.636103 /PDM/Queue/PCNet-Xmit/AllocFailures   152477 times
01:39:12.636105 /PDM/Queue/PCNet-Xmit/Flush             0 calls
01:39:12.636107 /PDM/Queue/PCNet-Xmit/FlushLeftovers        0 times
01:39:12.636109 /PDM/Queue/PCNet-Xmit/Insert       202198 calls
01:39:12.636112 /PDM/Queue/PCNet-Xmit/cItems            1 count
01:39:12.636114 /PDM/Queue/PCNet-Xmit/cbItem           24 bytes
01:39:12.636116 /PGM/CPU0/cA20Changes                   2 times
01:39:12.636119 /PGM/CPU0/cGuestModeChanges          1921 times
01:39:12.636121 /PGM/ChunkR3Map/Mapped               1025 count
01:39:12.636123 /PGM/ChunkR3Map/Unmapped                0 count
01:39:12.636126 /PGM/ChunkR3Map/c                    1025 count
01:39:12.636128 /PGM/ChunkR3Map/cMax             4294967295 count
01:39:12.636131 /PGM/LargePage/Recheck                  0 times
01:39:12.636133 /PGM/LargePage/Refused                  0 times
01:39:12.636135 /PGM/LargePage/Reused                   0 times
01:39:12.636138 /PGM/Page/cAllPages                529572 count
01:39:12.636141 /PGM/Page/cBalloonedPages               0 count
01:39:12.636143 /PGM/Page/cHandyPages                  62 count
01:39:12.636145 /PGM/Page/cLargePages                   0 count
01:39:12.636148 /PGM/Page/cLargePagesDisabled           0 count
01:39:12.636150 /PGM/Page/cMonitoredPages               0 count
01:39:12.636152 /PGM/Page/cPrivatePages            529522 count
01:39:12.636154 /PGM/Page/cPureMmioPages                2 count
01:39:12.636156 /PGM/Page/cReadLockedPages             22 count
01:39:12.636159 /PGM/Page/cReusedSharedPages            0 count
01:39:12.636162 /PGM/Page/cSharedPages                  0 count
01:39:12.636164 /PGM/Page/cWriteLockedPages             0 count
01:39:12.636167 /PGM/Page/cWrittenToPages               0 count
01:39:12.636169 /PGM/Page/cZeroPages                   48 count
01:39:12.636171 /PGM/ShMod/Check                        0 ticks/call (           0 ticks,       0 times, max         0, min      -1)
01:39:12.636175 /PGM/cRelocations                       1 times
01:39:12.636177 /PROF/CPU0/EM/Capped                    0 ticks/call (           0 ticks,       0 times, max         0, min      -1)
01:39:12.636180 /PROF/CPU0/EM/ForcedActions      10048735 times
01:39:12.636183 /PROF/CPU0/EM/Halted              6252989 times
01:39:12.636185 /PROF/CPU0/EM/RAWTotal            5931543 times
01:39:12.636188 /PROF/CPU0/EM/REMTotal             144434 times
01:39:12.636190 /PROF/CPU0/EM/Total              18401208778077 ticks/call (18401208778077 ticks,       1 times, max 18401208778077, min 18401208778077)
01:39:12.636195 /PROF/VM/CPU0/Halt/Block             8141 ns/call (4104512786178 ticks, 504132878 times, max   5776477, min       1)
01:39:12.636198 /PROF/VM/CPU0/Halt/BlockInsomnia        0 ns/call (           0 ticks,       0 times, max         0, min      -1)
01:39:12.636201 /PROF/VM/CPU0/Halt/BlockOnTime          0 ns/call (           0 ticks,       0 times, max         0, min      -1)
01:39:12.636204 /PROF/VM/CPU0/Halt/BlockOverslept        0 ns/call (           0 ticks,       0 times, max         0, min      -1)
01:39:12.636207 /PROF/VM/CPU0/Halt/Timers             517 ns/call (504584342472 ticks, 974421574 times, max  10002136, min       2)
01:39:12.636210 /PROF/VM/CPU0/Halt/Yield             3649 ns/call (  1715144397 ticks,  470028 times, max    214008, min       1)
01:39:12.636214 /REM/TbFlushCount                  130305 times
01:39:12.636216 /REM/TbPhysInvldCount              336392 times
01:39:12.636219 /REM/TlbFlushCount                1346963 times
01:39:12.636222 /SELM/HyperSels/Changed                 0 times
01:39:12.636224 /SELM/HyperSels/Scan                    0 times
01:39:12.636226 /SELM/LoadHidSel/GstReadErrors          0 times
01:39:12.636228 /SELM/LoadHidSel/NoGoodGuest            0 times
01:39:12.636231 /SELM/UpdateFromCPUM/AlreadyStaleCS        0 times
01:39:12.636233 /SELM/UpdateFromCPUM/AlreadyStaleDS        0 times
01:39:12.636235 /SELM/UpdateFromCPUM/AlreadyStaleES        0 times
01:39:12.636237 /SELM/UpdateFromCPUM/AlreadyStaleFS        0 times
01:39:12.636239 /SELM/UpdateFromCPUM/AlreadyStaleGS        0 times
01:39:12.636241 /SELM/UpdateFromCPUM/AlreadyStaleSS        0 times
01:39:12.636243 /SELM/UpdateFromCPUM/DetectedStaleCS        0 times
01:39:12.636246 /SELM/UpdateFromCPUM/DetectedStaleDS        0 times
01:39:12.636248 /SELM/UpdateFromCPUM/DetectedStaleES        0 times
01:39:12.636250 /SELM/UpdateFromCPUM/DetectedStaleFS        0 times
01:39:12.636252 /SELM/UpdateFromCPUM/DetectedStaleGS        0 times
01:39:12.636254 /SELM/UpdateFromCPUM/DetectedStaleSS        0 times
01:39:12.636256 /SELM/UpdateFromCPUM/StaleToUnstale        0 times
01:39:12.636258 /TM/CPU/00/cNsExecuting          938729686306 ns
01:39:12.636261 /TM/CPU/00/cNsHalted             4856386898896 ns
01:39:12.636264 /TM/CPU/00/cNsOther              154240782193 ns
01:39:12.636266 /TM/CPU/00/cNsTotal              5949357367395 ns
01:39:12.636269 /TM/CPU/00/cPeriodsExecuting     10019027 count
01:39:12.636271 /TM/CPU/00/cPeriodsHalted         6156780 count
01:39:12.636274 /TM/CPU/00/pctExecuting                 2 %
01:39:12.636276 /TM/CPU/00/pctHalted                   96 %
01:39:12.636278 /TM/CPU/00/pctOther                     0 %
01:39:12.636281 /TM/CPU/pctExecuting                    2 %
01:39:12.636283 /TM/CPU/pctHalted                      96 %
01:39:12.636285 /TM/CPU/pctOther                        0 %
01:39:12.636288 /TM/MaxHzHint                           0 Hz
01:39:12.636290 /TM/R3/1nsSteps                   5257070 times
01:39:12.636293 /TM/RC/1nsSteps                      6436 times
01:39:12.636330 /TM/TSC/offCPU0                         0 ticks
01:39:12.636335 /TM/VirtualSync/CurrentOffset     4499803 ns
01:39:12.636338 /VUSB/0/cUrbsInPool                     1 count
01:39:12.636340 ********************* End of statistics **********************
01:39:12.763916 NAT: zone(nm:mbuf_cluster, used:0)
01:39:12.764283 NAT: zone(nm:mbuf_packet, used:0)
01:39:12.764288 NAT: zone(nm:mbuf, used:1)
01:39:12.764693 NAT: zone(nm:mbuf_jumbo_pagesize, used:0)
01:39:12.765147 NAT: zone(nm:mbuf_jumbo_9k, used:0)
01:39:12.765347 NAT: zone(nm:mbuf_jumbo_16k, used:0)
01:39:12.765454 NAT: zone(nm:mbuf_ext_refcnt, used:0)
01:39:12.777119 Changing the VM state from 'DESTROYING' to 'TERMINATED'.
